2025-08-05 13:51:19,906 [INFO] Departamento 'CAD' encontrado (id=16).
2025-08-05 13:51:20,112 [INFO] Documento inserido (id=41909) — título='MENTORIA PARA INTERCAMBIO INTERNACIONAL - ESTUDANTES ADM UFSC (VERSÃO 2.0)'
2025-08-05 13:51:35,779 [WARNING] Departamento 'NDI' não encontrado.
2025-08-05 13:51:35,984 [INFO] Documento inserido (id=41910) — título='GRUPO DE ESTUDOS E PESQUISA SOBRE TEORIA HISTÓRICO CULTURAL E ONTOLOGIA CRÍTICA'
2025-08-05 13:51:42,742 [INFO] Departamento 'DET' encontrado (id=113).
2025-08-05 13:51:42,947 [INFO] Documento inserido (id=41911) — título='ECONOMINA'
2025-08-05 13:51:45,610 [INFO] Departamento 'EGR' encontrado (id=55).
2025-08-05 13:51:45,814 [INFO] Documento inserido (id=41912) — título='ENSUS 2023 - XI ENCONTRO DE SUSTENTABILIDADE EM PROJETO'
2025-08-05 13:51:47,862 [WARNING] Departamento 'CTJ' não encontrado.
2025-08-05 13:51:48,067 [INFO] Documento inserido (id=41913) — título='PODCAST PAPO NO AUGE!'
2025-08-05 13:51:53,495 [INFO] Departamento 'FIL' encontrado (id=68).
2025-08-05 13:51:53,700 [INFO] Documento inserido (id=41914) — título='XXIII SAPE - SEMINÁRIO DE APROFUNDAMENTO EM PESQUISAS ÉTICAS'
2025-08-05 13:51:55,063 [INFO] Departamento 'LLE' encontrado (id=79).
2025-08-05 13:51:55,236 [INFO] Documento inserido (id=41915) — título='AGENDA DE EVENTOS FORMATIVOS DA PARCERIA UFSC - APEESC'
2025-08-05 13:51:58,410 [INFO] Departamento 'DCS' encontrado (id=125).
2025-08-05 13:51:58,615 [INFO] Documento inserido (id=41916) — título='NOVEMBRO AZUL - DIABETES'
2025-08-05 13:52:06,500 [INFO] Departamento 'FIL' encontrado (id=68).
2025-08-05 13:52:06,705 [INFO] Documento inserido (id=41917) — título='GRUPO DE ESTUDOS DE FILOSOFIA FRANCESA CONTEMPORÂNEA.'
2025-08-05 13:52:08,138 [INFO] Departamento 'DIR' encontrado (id=38).
2025-08-05 13:52:08,343 [INFO] Documento inserido (id=41918) — título='RESPOSTAS DO PLANO DIRETOR DE FLORIANÓPOLIS À CRISE CLIMÁTICA: UM ESTUDO A PARTI'
2025-08-05 13:52:11,722 [INFO] Departamento 'ART' encontrado (id=118).
2025-08-05 13:52:11,928 [INFO] Documento inserido (id=41919) — título='CICLO DE CINE-DEBATES "PARAGUAY: ECOS DE HISTORIAS SILENCIADAS”'
2025-08-05 13:52:13,361 [INFO] Departamento 'INE' encontrado (id=75).
2025-08-05 13:52:13,497 [INFO] Documento inserido (id=41920) — título='SUPORTE DE OPERAÇÃO AOS SISTEMAS DE GERENCIAMENTO DE CERTIFICADOS DIGITAIS ICP-B'
2025-08-05 13:52:17,943 [INFO] Departamento 'BQA' encontrado (id=15).
2025-08-05 13:52:18,077 [INFO] Documento inserido (id=41921) — título='TREINAMENTO COGNITIVO PARA IDOSOS EM ATENDIMENTO NO NÚCLEO DE ESTUDOS DA TERCEIR'
2025-08-05 13:52:19,664 [INFO] Departamento 'LLE' encontrado (id=79).
2025-08-05 13:52:19,799 [INFO] Documento inserido (id=41922) — título='LÍNGUA FRANCESA I'
2025-08-05 13:52:21,525 [INFO] Departamento 'ART' encontrado (id=118).
2025-08-05 13:52:21,659 [INFO] Documento inserido (id=41923) — título='A ESCRITA DRAMÁTICA COMO UMA FORMA DE STORYTELLING: OFICINA DE PRODUÇÃO DE TEXTO'
2025-08-05 13:52:24,442 [INFO] Departamento 'CLM' encontrado (id=26).
2025-08-05 13:52:24,575 [INFO] Documento inserido (id=41924) — título='AVALIAÇÃO DA FIBROSE HEPÁTICA POR ELASTOGRAFIA TRANSITÓRIA DOS PACIENTES DO SERV'
2025-08-05 13:52:26,917 [INFO] Departamento 'MOR' encontrado (id=89).
2025-08-05 13:52:27,050 [INFO] Documento inserido (id=41925) — título='UNIVERSO MICROSCÓPICO DO CORPO HUMANO PARA CURSOS TÉCNICOS - TÉCNICOS DE ENFERMA'
2025-08-05 13:52:32,204 [INFO] Departamento 'CIN' encontrado (id=24).
2025-08-05 13:52:32,337 [INFO] Documento inserido (id=41926) — título='CONSERVAÇÃO E ESTABILIZAÇÃO DE GRAVURA EM PAPEL DO ARTISTA WIN VAN DIJK'
2025-08-05 13:52:34,801 [INFO] Departamento 'PTL' encontrado (id=102).
2025-08-05 13:52:34,933 [INFO] Documento inserido (id=41927) — título='EMISSÃO DE LAUDOS DE TELE-ESTOMATOLOGIA NO SISTEMA CATARINENSE DE TELEMEDICINA E'
2025-08-05 13:52:35,950 [INFO] Departamento 'PSI' encontrado (id=101).
2025-08-05 13:52:36,084 [INFO] Documento inserido (id=41928) — título='LABORATÓRIO DE AUTORREGULAÇÃO: TÉCNICAS DE RESPIRAÇÃO, MEDITAÇÃO E MINDFULNESS P'
2025-08-05 13:52:39,435 [INFO] Departamento 'CAL' encontrado (id=17).
2025-08-05 13:52:39,569 [INFO] Documento inserido (id=41929) — título='XII SEMANA ACADÊMICA DO CURSO DE GRADUAÇÃO EM CIÊNCIA E TECNOLOGIA DE ALIMENTOS '
2025-08-05 13:52:50,016 [INFO] Departamento 'MAT' encontrado (id=116).
2025-08-05 13:52:50,221 [INFO] Documento inserido (id=41930) — título='TREINAMENTOS PARA OLIMPÍADAS DE MATEMÁTICA'
2025-08-05 13:52:54,776 [WARNING] Departamento 'DCEE' não encontrado.
2025-08-05 13:52:54,981 [INFO] Documento inserido (id=41931) — título='DESENVOLVIMENTO E APRENDIZAGEM: TEORIAS E PRÁTICAS PARA A EDUCAÇÃO EM DIREITOS H'
2025-08-05 13:53:02,341 [WARNING] Departamento 'DLLV' não encontrado.
2025-08-05 13:53:02,477 [INFO] Documento inserido (id=41932) — título='ASSESSORIA AO ENSINO DE FONÉTICA E FONOLOGIA DO GUARANI'
2025-08-05 13:53:05,588 [INFO] Departamento 'SPB' encontrado (id=108).
2025-08-05 13:53:05,792 [INFO] Documento inserido (id=41933) — título='A CULPAÉ DAS RISADAS - INTERVENÇÃO ARTÍSTICA'
2025-08-05 13:53:19,719 [WARNING] Departamento 'CECBA' não encontrado.
2025-08-05 13:53:19,884 [INFO] Documento inserido (id=41934) — título='NOVEMBRO NEGRO - UFSC CURITIBANOS'
2025-08-05 13:53:25,543 [INFO] Departamento 'CIT' encontrado (id=117).
2025-08-05 13:53:25,677 [INFO] Documento inserido (id=41935) — título='CAPACITAÇÃO PROFESSORES DA EDUCAÇÃO BÁSICA PARA A INTEGRAÇÃO DE TECNOLOGIAS DIGI'
2025-08-05 13:53:34,363 [INFO] Departamento 'LLE' encontrado (id=79).
2025-08-05 13:53:34,496 [INFO] Documento inserido (id=41936) — título='CLUBE DO LIVRO VIRTUAL'
2025-08-05 13:53:37,672 [INFO] Departamento 'ART' encontrado (id=118).
2025-08-05 13:53:37,846 [INFO] Documento inserido (id=41937) — título='ENSAIOS E APRESENTAÇÕES DA PEÇA ESPECTADOR CONDENADO À MORTE, DE MATÉI VISNIEC'
2025-08-05 13:53:46,140 [INFO] Departamento 'ART' encontrado (id=118).
2025-08-05 13:53:46,344 [INFO] Documento inserido (id=41938) — título='SÉRIE EM VÍDEO "HABILIDADES DE ENTREVISTAR"'
2025-08-05 13:53:55,449 [INFO] Departamento 'PSI' encontrado (id=101).
2025-08-05 13:53:55,582 [INFO] Documento inserido (id=41939) — título='NUPRA ESTUDOS: AFETIVIDADE, EXTREMISMOS POLÍTICOS E PSICOLOGIA SOCIAL'
2025-08-05 13:54:00,681 [INFO] Departamento 'DIR' encontrado (id=38).
2025-08-05 13:54:00,885 [INFO] Documento inserido (id=41940) — título='WORKSHOP BÁSICO DE PROPRIEDADE INTELECTUAL'
2025-08-05 13:54:07,030 [INFO] Departamento 'ECZ' encontrado (id=47).
2025-08-05 13:54:07,236 [INFO] Documento inserido (id=41941) — título='CONTRIBUIÇÃO COM MATERIAIS BIOLÓGICOS E ORIENTAÇÃO PARA AULAS DE CIÊNCIAS NO ENS'
2025-08-05 13:54:11,229 [INFO] Departamento 'PSI' encontrado (id=101).
2025-08-05 13:54:11,386 [INFO] Documento inserido (id=41942) — título='ESCUTA PRETA:  EFEITOS PSICOSSOCIAIS DO RACISMO NA UNIVERSIDADE: GRUPOS DE ACOLH'
2025-08-05 13:54:17,191 [INFO] Departamento 'EQA' encontrado (id=65).
2025-08-05 13:54:17,324 [INFO] Documento inserido (id=41943) — título='TREINAMENTO EM MICROBIOLOGIA'
2025-08-05 13:54:19,146 [INFO] Departamento 'DCS' encontrado (id=125).
2025-08-05 13:54:19,320 [INFO] Documento inserido (id=41944) — título='LIGA ACADÊMICA DE ANATOMIA HUMANA DA UFSC (LAAHUFSC)'
2025-08-05 13:54:32,119 [INFO] Departamento 'SPB' encontrado (id=108).
2025-08-05 13:54:32,253 [INFO] Documento inserido (id=41945) — título='PROGRAMA NACIONAL DE FORMAÇÃO E QUALIFICAÇÃO DE GESTORES E PROFISSIONAIS DE SAÚD'
2025-08-05 13:54:42,155 [INFO] Departamento 'PSI' encontrado (id=101).
2025-08-05 13:54:42,359 [INFO] Documento inserido (id=41946) — título='GRUPO DE LEITURA “VIOLÊNCIA E PSICANÁLISE”'
2025-08-05 13:54:45,464 [INFO] Departamento 'JOR' encontrado (id=78).
2025-08-05 13:54:45,597 [INFO] Documento inserido (id=41947) — título='AÇÕES DA ADMINISTRAÇÃO DA UFSC NA GESTÃO DA PANDEMIA DA COVID-19'
2025-08-05 13:54:50,781 [INFO] Departamento 'DIR' encontrado (id=38).
2025-08-05 13:54:50,914 [INFO] Documento inserido (id=41948) — título='ESTRATÉGIAS DE INTERCÂMBIO INTERNACIONAL NA GRADUAÇÃO: PERSPECTIVAS PARA UMA CAR'
2025-08-05 13:55:00,926 [INFO] Departamento 'SPB' encontrado (id=108).
2025-08-05 13:55:01,061 [INFO] Documento inserido (id=41949) — título='PROGRAMA NACIONAL DE FORMAÇÃO E QUALIFICAÇÃO DE GESTORES E PROFISSIONAIS DE SAÚD'
2025-08-05 13:56:41,825 [WARNING] Departamento 'FONO' não encontrado.
2025-08-05 13:56:41,967 [INFO] Documento inserido (id=41950) — título='CORRELAÇÕES ENTRE APENDIZAGEM E O DISTÚRBIO DO PROCESSAMENTO AUDITIVO (CENTRAL)'
2025-08-05 13:56:44,117 [INFO] Departamento 'CFS' encontrado (id=22).
2025-08-05 13:56:44,322 [INFO] Documento inserido (id=41951) — título='MANUTEÇÃO DA PÁGINA DO CFS NA INTERNET'
2025-08-05 13:56:45,398 [WARNING] Departamento 'DLLV' não encontrado.
2025-08-05 13:56:45,551 [INFO] Documento inserido (id=41952) — título='FUNDAMENTOS EDUCACIONAIS: IMPLICAÇÕES PARA A EDUCAÇÃO LINGUÍSTICA'
2025-08-05 13:56:50,671 [INFO] Departamento 'DIR' encontrado (id=38).
2025-08-05 13:56:50,876 [INFO] Documento inserido (id=41953) — título='CONSULTORIA DE INSTITUIÇÃO EXTERNA À ELABORAÇÃO DOS FUNDAMENTOS DE FORMAÇÃO DA U'
2025-08-05 13:56:52,514 [INFO] Departamento 'DGL' encontrado (id=112).
2025-08-05 13:56:52,649 [INFO] Documento inserido (id=41954) — título='ATIVIDADES FORMATIVAS PARA PROFESSORES DA REDE MUNICIPAL DE ENSINO DE FLORIANÓPO'
2025-08-05 13:56:55,382 [WARNING] Departamento 'ENF' não encontrado.
2025-08-05 13:56:55,586 [INFO] Documento inserido (id=41955) — título='XXVI CAFÉ COM CIÊNCIA: TERAPIA OCUPACIONAL: ATUAÇÃO E DESAFIOS NA ASSISTÊNCIA AO'
2025-08-05 13:57:00,092 [INFO] Departamento 'NTR' encontrado (id=94).
2025-08-05 13:57:00,297 [INFO] Documento inserido (id=41956) — título='AMBULATÓRIO DE NUTRIÇÃO PARA INDIVÍDUOS COM DOENÇA CELÍACA'
2025-08-05 13:57:07,568 [WARNING] Departamento 'CCA' não encontrado.
2025-08-05 13:57:07,772 [INFO] Documento inserido (id=41957) — título='AVALIAÇÃO DE INSUMOS AGROPECUÁRIOS PARA UTILIZAÇÃO NA CARCINICULTURA MARINHA II'
2025-08-05 13:57:20,399 [INFO] Departamento 'ENS' encontrado (id=62).
2025-08-05 13:57:20,533 [INFO] Documento inserido (id=41958) — título='BOLETIM TÉCNICO-INFORMATIVO SOBRE APLICAÇÃO NACIONAL DE WETLANDS CONSTRUÍDOS NO '
2025-08-05 13:57:22,826 [WARNING] Departamento 'PROAD' não encontrado.
2025-08-05 13:57:23,030 [INFO] Documento inserido (id=41959) — título='1º ENCONTRO DE CONTRATAÇÕES PÚBLICAS DAS IFES DO SUL'
2025-08-05 13:57:28,592 [INFO] Departamento 'ZOT' encontrado (id=129).
2025-08-05 13:57:28,765 [INFO] Documento inserido (id=41960) — título='REDES SOCIAIS DIGITAIS COMO ESTRATÉGIA DE CRIAÇÃO DE NOVOS ESPAÇOS DE INTERAÇÕES'
2025-08-05 13:57:33,271 [INFO] Departamento 'DSS' encontrado (id=44).
2025-08-05 13:57:33,405 [INFO] Documento inserido (id=41961) — título='GRUPO DE ESTUDO, SUPERVISÃO VIRTUAL E COMUNICAÇÃO EDUCATIVA (GEVICE): VIOLÊNCIAS'
2025-08-05 13:57:37,090 [INFO] Departamento 'ENR' encontrado (id=61).
2025-08-05 13:57:37,228 [INFO] Documento inserido (id=41962) — título='COMPETIÇÃO SUL BRASILEIRA E LATINOAMERICANA DE IDENTIFICAÇÃO DE SOLOS'
2025-08-05 13:57:43,613 [INFO] Departamento 'DPT' encontrado (id=42).
2025-08-05 13:57:43,818 [INFO] Documento inserido (id=41963) — título='26º CONGRESSO BRASILEIRO DE PERINATOLOGIA - COMISSÃO CIENTÍFICA'
2025-08-05 13:57:45,078 [INFO] Departamento 'ARQ' encontrado (id=8).
2025-08-05 13:57:45,212 [INFO] Documento inserido (id=41964) — título='PALESTRA COM PROF. HUGO SEGAWA "ARQUITETURAS RECENTES NO BRASIL"'
2025-08-05 13:57:47,095 [INFO] Departamento 'BQA' encontrado (id=15).
2025-08-05 13:57:47,300 [INFO] Documento inserido (id=41965) — título='PRESTAÇÃO DE SERVIÇO: CULTIVO, REPLICAÇÃO E PRESERVAÇÃO DE ISOLADOS E COMUNIDADE'
2025-08-05 13:57:48,355 [INFO] Departamento 'MOR' encontrado (id=89).
2025-08-05 13:57:48,529 [INFO] Documento inserido (id=41966) — título='LIGA ACADÊMICA DE CIRURGIA E TRAUMATOLOGIA BUCO-MAXILO-FACIAL - 2023'
2025-08-05 13:57:56,613 [INFO] Departamento 'MTM' encontrado (id=90).
2025-08-05 13:57:56,745 [INFO] Documento inserido (id=41967) — título='CURSO PREPARATÓRIO PARA O EXAME NACIONAL DE ACESSO 2024 DO PROFMAT'
2025-08-05 13:58:00,758 [INFO] Departamento 'EGC' encontrado (id=54).
2025-08-05 13:58:00,962 [INFO] Documento inserido (id=41968) — título='INOVAÇÃO NO SETOR PÚBLICO: MAIS QUE UMA OPORTUNIDADE, UM IMPERATIVO'
2025-08-05 13:58:02,397 [INFO] Departamento 'LSB' encontrado (id=81).
2025-08-05 13:58:02,533 [INFO] Documento inserido (id=41969) — título='CONTO DE LENDAS AMAZÔNICAS - REDE SOCIAL'
2025-08-05 13:58:07,576 [INFO] Departamento 'EMB' encontrado (id=57).
2025-08-05 13:58:07,780 [INFO] Documento inserido (id=41970) — título='PRODUÇÃO DE MATERIAL DIDÁTICO PEDAGÓGICO NA ÁREA DE SINAIS E CONTROLE'
2025-08-05 13:58:08,907 [INFO] Departamento 'PSI' encontrado (id=101).
2025-08-05 13:58:09,112 [INFO] Documento inserido (id=41971) — título='II SEMINÁRIO PSICANÁLISE, POLÍTICA E CULTURA'
2025-08-05 13:58:15,256 [INFO] Departamento 'EGC' encontrado (id=54).
2025-08-05 13:58:15,391 [INFO] Documento inserido (id=41972) — título='ARTICULISTA FIXO DO FORBES MONEY'
2025-08-05 13:58:16,792 [INFO] Departamento 'BEG' encontrado (id=10).
2025-08-05 13:58:16,982 [INFO] Documento inserido (id=41973) — título='COMISSÃO CIENTÍFICA DO XVII ENBRAPOA'
2025-08-05 13:58:18,635 [INFO] Departamento 'DET' encontrado (id=113).
2025-08-05 13:58:18,768 [INFO] Documento inserido (id=41974) — título='AS REDES SOCIAIS COMO FERRAMENTA DE DIVULGAÇÃO DO CURSO ENGENHARIA TÊXTIL DA UNI'
2025-08-05 13:58:19,147 [INFO] Pessoa criada: ALEXANDRE JOSE SOUSA FERREIRA, SELENE DE SOUZA SIQUEIRA SOARES (id=43868, vinculo=2)
2025-08-05 13:58:21,942 [INFO] Departamento 'HST' encontrado (id=74).
2025-08-05 13:58:22,075 [INFO] Documento inserido (id=41975) — título='VIII ENCONTRO MUNICIPAL DE AGRICULTURA URBANA'
2025-08-05 13:58:27,951 [INFO] Departamento 'DIR' encontrado (id=38).
2025-08-05 13:58:28,088 [INFO] Documento inserido (id=41976) — título='LIVRO COLETIVO “DIREITO EM ARTE: III OBRA DE PESQUISA CIENTÍFICA DA NÔMA”.'
2025-08-05 13:58:30,378 [WARNING] Departamento 'CA' não encontrado.
2025-08-05 13:58:30,513 [INFO] Documento inserido (id=41977) — título='“LIBRAS NA ESCOLA: UM CONHECIMENTO QUE PROMOVE A FORMAÇÃO”'
2025-08-05 13:58:31,979 [INFO] Departamento 'CCN' encontrado (id=19).
2025-08-05 13:58:32,112 [INFO] Documento inserido (id=41978) — título='PROJETO CONTADOR CIDADÃO'
2025-08-05 13:58:36,142 [INFO] Departamento 'CIN' encontrado (id=24).
2025-08-05 13:58:36,330 [INFO] Documento inserido (id=41979) — título='CURSO PARA AUXILIAR DE DATA PROTECTION OFFICER (DPOX)'
2025-08-05 13:58:38,911 [INFO] Departamento 'CLC' encontrado (id=25).
2025-08-05 13:58:39,116 [INFO] Documento inserido (id=41980) — título='GRUPO DE PESQUISA - DOENÇAS DO APARELHO DIGESTIVO E PAREDE ABDOMINAL.'
2025-08-05 13:58:43,028 [INFO] Departamento 'MTM' encontrado (id=90).
2025-08-05 13:58:43,160 [INFO] Documento inserido (id=41981) — título='TREINAMENTO PARA OBMEP 2023'
2025-08-05 13:58:44,748 [INFO] Departamento 'LSB' encontrado (id=81).
2025-08-05 13:58:44,953 [INFO] Documento inserido (id=41982) — título='LIBRAS E SAÚDE: DIREITOS, ACESSIBILIDADE E HUMANIZAÇÃO'
2025-08-05 13:58:52,604 [INFO] Departamento 'DIR' encontrado (id=38).
2025-08-05 13:58:52,736 [INFO] Documento inserido (id=41983) — título='CO-ORIENTAÇÃO DA EQUIPE DA UFSC NA VI COMPETIÇÃO BRASILEIRA DE PROCESSO'
2025-08-05 13:58:55,807 [WARNING] Departamento 'DLLV' não encontrado.
2025-08-05 13:58:55,940 [INFO] Documento inserido (id=41984) — título='IV SEMINÁRIO DO NÚCLEO OCO DE ARTES - LANCES ENLACES'
2025-08-05 13:59:03,020 [INFO] Departamento 'BOT' encontrado (id=14).
2025-08-05 13:59:03,155 [INFO] Documento inserido (id=41985) — título='BROMÉLIAS DO CAMPUS DA UFSC E O MOSQUITO DA DENGUE: LEVANTAMENTO DE INDIVÍDUOS, '
2025-08-05 13:59:10,656 [INFO] Departamento 'SPO' encontrado (id=126).
2025-08-05 13:59:10,862 [INFO] Documento inserido (id=41986) — título='CICLO DE MINICURSOS SOBRE MÉTODOS E TÉCNICAS DE PESQUISA'
2025-08-05 13:59:13,072 [INFO] Departamento 'EGR' encontrado (id=55).
2025-08-05 13:59:13,205 [INFO] Documento inserido (id=41987) — título='DESENVOLVIMENTO DE MODELOS DIDÁTICOS DE APOIO AO ENSINO DE GEOMETRIA DESCRITIVA.'
2025-08-05 13:59:17,139 [INFO] Departamento 'EEL' encontrado (id=51).
2025-08-05 13:59:17,312 [INFO] Documento inserido (id=41988) — título='TESTES EM MÓDULOS DE POTÊNCIA COMERCIAIS APLICADOS AO ACIONAMENTO DE ELETROLISAD'
2025-08-05 13:59:20,896 [WARNING] Departamento 'ENF' não encontrado.
2025-08-05 13:59:21,028 [INFO] Documento inserido (id=41989) — título='AÇÕES DE ENFERMAGEM PARA PESSOAS COM FERIDAS'
2025-08-05 13:59:25,332 [INFO] Departamento 'DGL' encontrado (id=112).
2025-08-05 13:59:25,504 [INFO] Documento inserido (id=41990) — título='MAPEAMENTO GEOLÓGICO E GEOMORFOLÓGICO DE SUPERFÍCIE DE SISTEMAS DEPOSICIONAIS CO'
2025-08-05 13:59:26,558 [INFO] Departamento 'CAL' encontrado (id=17).
2025-08-05 13:59:26,692 [INFO] Documento inserido (id=41991) — título='APOIO TÉCNICO PARA O DESENVOLVIMENTO DO SETOR DA PRODUÇÃO E TRANSFORMAÇÃO DE ALI'
2025-08-05 13:59:27,040 [INFO] Pessoa criada: GIUSTINO TRIBUZI, JULIANO DE DEA LINDNER (id=43869, vinculo=2)
2025-08-05 13:59:30,522 [INFO] Departamento 'EED' encontrado (id=50).
2025-08-05 13:59:30,656 [INFO] Documento inserido (id=41992) — título='GRUPO DE ESTUDOS HANNAH ARENDT E A EDUCAÇÃO'
2025-08-05 13:59:32,046 [INFO] Departamento 'DET' encontrado (id=113).
2025-08-05 13:59:32,181 [INFO] Documento inserido (id=41993) — título='PERDAS E DESPERDÍCIOS ALIMENTARES: SOLUÇÕES DOMÉSTICAS PARA O USO COMPLETO DO AL'
2025-08-05 13:59:36,052 [INFO] Departamento 'EGC' encontrado (id=54).
2025-08-05 13:59:36,257 [INFO] Documento inserido (id=41994) — título='MAPEAMENTO DO ECOSSISTEMA DE LUCAS DO RIO VERDE'
2025-08-05 13:59:39,329 [INFO] Departamento 'BQA' encontrado (id=15).
2025-08-05 13:59:39,533 [INFO] Documento inserido (id=41995) — título='SERVIÇO DE ATENDIMENTO EDUCACIONAL ESPECIALIZADO PARA EDUCANDOS COM TRANSTORNO D'
2025-08-05 13:59:42,022 [WARNING] Departamento 'CTJ' não encontrado.
2025-08-05 13:59:42,155 [INFO] Documento inserido (id=41996) — título='FEIRA DE CURSOS - UFSC JOINVILLE'
2025-08-05 13:59:44,664 [INFO] Departamento 'AQI' encontrado (id=6).
2025-08-05 13:59:44,858 [INFO] Documento inserido (id=41997) — título='CAPES/PROCAD AMAZÔNIA EDITAL 21/2018 ABORDAGEM INTEGRADA DE DIFERENTES METODOLOG'
2025-08-05 13:59:48,955 [INFO] Departamento 'EEL' encontrado (id=51).
2025-08-05 13:59:49,159 [INFO] Documento inserido (id=41998) — título='PROJETO DE EDIÇÃO DE LIVRO INTITULADO "WATERMARKING" DA EDITORA INTECHOPEN LIMIT'
2025-08-05 13:59:50,419 [INFO] Departamento 'OCN' encontrado (id=96).
2025-08-05 13:59:50,593 [INFO] Documento inserido (id=41999) — título='CIÊNCIA CIDADÃ E CULTURA OCEÂNICA PARA O ENFRENTAMENTO DA EMERGÊNCIA CLIMÁTICA'
2025-08-05 13:59:53,870 [INFO] Departamento 'OCN' encontrado (id=96).
2025-08-05 13:59:54,075 [INFO] Documento inserido (id=42000) — título='UFSC SEM PLÁSTICO'
2025-08-05 14:00:14,665 [INFO] Departamento 'LLE' encontrado (id=79).
2025-08-05 14:00:14,862 [INFO] Documento inserido (id=42001) — título='XIV SEMANA ACADÊMICA DE LETRAS'
2025-08-05 14:00:25,102 [INFO] Departamento 'EEL' encontrado (id=51).
2025-08-05 14:00:25,307 [INFO] Documento inserido (id=42002) — título='PROJETO DE UM RETIFICADOR DE 3,35KW PARA APLICAÇÃO EM NOBREAKS'
2025-08-05 14:00:30,222 [INFO] Departamento 'CAC' encontrado (id=110).
2025-08-05 14:00:30,427 [INFO] Documento inserido (id=42003) — título='SISTEMAS COMPUTACIONAIS DEDICADOS A APRENDIZAGEM'
2025-08-05 14:00:33,397 [INFO] Departamento 'EGC' encontrado (id=54).
2025-08-05 14:00:33,530 [INFO] Documento inserido (id=42004) — título='PARTICIPAÇÃO NO REUNI CHALLENGE 2023'
2025-08-05 14:00:38,108 [WARNING] Departamento 'CTS' não encontrado.
2025-08-05 14:00:38,313 [INFO] Documento inserido (id=42005) — título='FEIRA DE CURSOS - ARARANGUÁ DE PORTAS ABERTAS'
2025-08-05 14:01:12,208 [INFO] Departamento 'DEC' encontrado (id=124).
2025-08-05 14:01:12,343 [INFO] Documento inserido (id=42006) — título='HISTÓRIA E MEIO AMBIENTE EM DEBATE'
2025-08-05 14:01:29,004 [INFO] Departamento 'CLM' encontrado (id=26).
2025-08-05 14:01:29,206 [INFO] Documento inserido (id=42007) — título='VII SEMANA ACADÊMICA DE MEDICINA DA UFSC (SAMED)'
2025-08-05 14:01:44,055 [INFO] Departamento 'EMC' encontrado (id=58).
2025-08-05 14:01:44,260 [INFO] Documento inserido (id=42008) — título='CONSULTORIA CORPORATIVA EM INOVAÇÃO, EMPREENDEDORISMO E GOVERNANÇA'
2025-08-05 14:01:45,591 [INFO] Commit parcial — 100 linhas processadas.
2025-08-05 14:01:45,927 [WARNING] Departamento 'DCNS' não encontrado.
2025-08-05 14:01:46,060 [INFO] Documento inserido (id=42009) — título='IDENTIFICAÇÃO DE SOLOS NAS VINÍCOLAS CATARINENSES'
2025-08-05 14:01:47,846 [INFO] Departamento 'CNM' encontrado (id=29).
2025-08-05 14:01:47,978 [INFO] Documento inserido (id=42010) — título='E-BOOK "PANORAMA DA INADIMPLÊNCIA 2023"'
2025-08-05 14:01:49,132 [INFO] Departamento 'EQA' encontrado (id=65).
2025-08-05 14:01:49,278 [INFO] Documento inserido (id=42011) — título='CARACTERIZAÇÃO QUÍMICA, ANTIBACTERIANA E CITOTÓXICA DE EXTRATO DE LITHRAEA MOLLE'
2025-08-05 14:01:53,169 [INFO] Departamento 'GCN' encontrado (id=73).
2025-08-05 14:01:53,322 [INFO] Documento inserido (id=42012) — título='REVISTA GEOSUL'
2025-08-05 14:01:55,319 [WARNING] Departamento 'BU' não encontrado.
2025-08-05 14:01:55,524 [INFO] Documento inserido (id=42013) — título='CONSERVAÇÃO DE LIVROS DO TROMPOWSKY: HIGIENIZAÇÃO, DIAGNÓSTICO, INVENTÁRIO E ACO'
2025-08-05 14:01:58,014 [INFO] Departamento 'BEG' encontrado (id=10).
2025-08-05 14:01:58,186 [INFO] Documento inserido (id=42014) — título='ELABORAÇÃO DE RECURSOS DIDÁTICOS PARA O ESTUDO DA BIOLOGIA CELULAR VEGETAL NO EN'
2025-08-05 14:02:01,770 [WARNING] Departamento 'SINTER' não encontrado.
2025-08-05 14:02:01,975 [INFO] Documento inserido (id=42015) — título='PROGRAMA DE APADRINHAMENTO DA SECRETARIA DE RELAÇÕES INTERNACIONAIS (SINTER)'
2025-08-05 14:02:03,409 [WARNING] Departamento 'SINTER' não encontrado.
2025-08-05 14:02:03,542 [INFO] Documento inserido (id=42016) — título='PROGRAMA DE APADRINHAMENTO DA SECRETARIA DE RELAÇÕES INTERNACIONAIS (SINTER)'
2025-08-05 14:02:04,843 [WARNING] Departamento 'SECARTE' não encontrado.
2025-08-05 14:02:05,047 [INFO] Documento inserido (id=42017) — título='NUEPAL - NÚCLEO DE ESTUDOS PRÁTICOS E ARTÍSTICOS DA AMÉRICA LATINA'
2025-08-05 14:02:08,426 [INFO] Departamento 'EMB' encontrado (id=57).
2025-08-05 14:02:08,632 [INFO] Documento inserido (id=42018) — título='IMPLEMENTAÇÃO DE UMA ROTINA DE CÁLCULO DE TEMPO DE FABRICAÇÃO NO SOFTWARE SIEMEN'
2025-08-05 14:02:11,089 [INFO] Departamento 'EGR' encontrado (id=55).
2025-08-05 14:02:11,294 [INFO] Documento inserido (id=42019) — título='RELENDO ARTES'
2025-08-05 14:02:13,094 [WARNING] Departamento 'CEM' não encontrado.
2025-08-05 14:02:13,226 [INFO] Documento inserido (id=42020) — título='MUSEOLOGIA EM CURSO'
2025-08-05 14:02:21,227 [INFO] Departamento 'EMC' encontrado (id=58).
2025-08-05 14:02:21,432 [INFO] Documento inserido (id=42021) — título='SERVIÇOS DE ENSAIOS E ANÁLISES EM HIDRÁULICA E PNEUMÁTICA'
2025-08-05 14:02:25,425 [INFO] Departamento 'EMB' encontrado (id=57).
2025-08-05 14:02:25,559 [INFO] Documento inserido (id=42022) — título='INVESTIGAÇÃO DO COMPORTAMENTO GEOTÉCNICO DE SOLOS E ROCHAS APLICADOS À INFRAESTR'
2025-08-05 14:02:29,317 [INFO] Departamento 'SPB' encontrado (id=108).
2025-08-05 14:02:29,522 [INFO] Documento inserido (id=42023) — título='EDITOR CIENTÍFICO DE REVISTA DE SAÚDE PÚBLICA'
2025-08-05 14:02:30,750 [INFO] Departamento 'CAC' encontrado (id=110).
2025-08-05 14:02:30,955 [INFO] Documento inserido (id=42024) — título='EXPRESSÃO GRÁFICA E PROTOTIPAGEM RÁPIDA: DIVULGAÇÃO DE ASPECTOS AVANÇADOS EM PLA'
2025-08-05 14:02:34,437 [INFO] Departamento 'JOR' encontrado (id=78).
2025-08-05 14:02:34,642 [INFO] Documento inserido (id=42025) — título='RIBEIRÃO DO CUBATÃO: ESPAÇO DE EDUCAÇÃO EM DIREITOS HUMANOS PARA JORNALISTAS'
2025-08-05 14:02:39,762 [WARNING] Departamento 'SEAD' não encontrado.
2025-08-05 14:02:39,967 [INFO] Documento inserido (id=42026) — título='PRODUÇÃO E OFERTA DE CURSOS NA MODALIDADE EAD - SNAS/MC'
2025-08-05 14:02:53,996 [INFO] Departamento 'ARQ' encontrado (id=8).
2025-08-05 14:02:54,201 [INFO] Documento inserido (id=42027) — título='ATUALIZAÇÃO CADASTRAL DOS BENS TOMBADOS DE ALTO PRAGUAÇU – ITAIÓPOLIS – SC'
2025-08-05 14:03:04,026 [INFO] Departamento 'ECV' encontrado (id=46).
2025-08-05 14:03:04,282 [INFO] Documento inserido (id=42028) — título='DESENVOLVIMENTO DE CURSO EM MODALIDADE EAD DESTINADA AO APERFEIÇOAMENTO DE AGENT'
2025-08-05 14:03:20,848 [INFO] Departamento 'CAL' encontrado (id=17).
2025-08-05 14:03:20,981 [INFO] Documento inserido (id=42029) — título='OUTROS OLHARES'
2025-08-05 14:03:23,487 [INFO] Departamento 'ARQ' encontrado (id=8).
2025-08-05 14:03:23,692 [INFO] Documento inserido (id=42030) — título='PALESTRA COM A PROF. FERNANDA GOULART (EBA/UFMG) "O ART DÉCO POPULAR INDAGA O MO'
2025-08-05 14:03:27,174 [INFO] Departamento 'CAD' encontrado (id=16).
2025-08-05 14:03:27,379 [INFO] Documento inserido (id=42031) — título='PROJETO SOCIAL ESPORTE DELAS'
2025-08-05 14:03:38,643 [INFO] Departamento 'CAD' encontrado (id=16).
2025-08-05 14:03:38,848 [INFO] Documento inserido (id=42032) — título='PROJETO SOCIAL "BORA TESTAR?" - CONSCIENTIZAÇÃO E TESTAGEM DE ISTS NO CAMPUS'
2025-08-05 14:03:48,883 [INFO] Departamento 'CAD' encontrado (id=16).
2025-08-05 14:03:49,017 [INFO] Documento inserido (id=42033) — título='PROJETO SOCIAL CÍRCULO DA CIDADANIA'
2025-08-05 14:03:58,714 [INFO] Departamento 'CAD' encontrado (id=16).
2025-08-05 14:03:58,919 [INFO] Documento inserido (id=42034) — título='PROJETO SOCIAL CULTURANDO: LEVANDO ARTE E CULTURA PARA A COMUNIDADE CARENTE'
2025-08-05 14:04:06,087 [INFO] Departamento 'ARQ' encontrado (id=8).
2025-08-05 14:04:06,291 [INFO] Documento inserido (id=42035) — título='ORGANIZAÇÃO DO 6º CONGRESSO BRASILEIRO DE RETÓRICA NA UFSC / JORNADAS DUPLAS DE '
2025-08-05 14:04:08,647 [INFO] Departamento 'CLM' encontrado (id=26).
2025-08-05 14:04:08,852 [INFO] Documento inserido (id=42036) — título='VISITING PROFESSOR/RESEARCHER AT DANISH EPILEPSY CENTRE FILADELFIA'
2025-08-05 14:04:10,285 [INFO] Departamento 'NTR' encontrado (id=94).
2025-08-05 14:04:10,491 [INFO] Documento inserido (id=42037) — título='NUTRI JR.: EMPRESA JUNIOR DE NUTRIÇÃO DA UFSC'
2025-08-05 14:04:23,495 [INFO] Departamento 'INE' encontrado (id=75).
2025-08-05 14:04:23,700 [INFO] Documento inserido (id=42038) — título='ELEIÇÕES ELETRÔNICAS COM SISTEMA HELIOS VOTING - IPREV'
2025-08-05 14:04:27,079 [INFO] Departamento 'ZOT' encontrado (id=129).
2025-08-05 14:04:27,211 [INFO] Documento inserido (id=42039) — título='GRUPO DE ESTUDOS EM NUTRIÇÃO PET (GENP)'
2025-08-05 14:04:31,617 [INFO] Departamento 'EMB' encontrado (id=57).
2025-08-05 14:04:31,790 [INFO] Documento inserido (id=42040) — título='PROJETO DA EQUIPE DE COMPETIÇÃO FÓRMULA CEM - CARROS A COMBUSTÃO E ELÉTRICO'
2025-08-05 14:04:43,668 [INFO] Departamento 'DIR' encontrado (id=38).
2025-08-05 14:04:43,873 [INFO] Documento inserido (id=42041) — título='CLUBE DO LIVRO NUPPI 2023'
2025-08-05 14:04:47,560 [INFO] Departamento 'PSI' encontrado (id=101).
2025-08-05 14:04:47,764 [INFO] Documento inserido (id=42042) — título='OFICINAS DE ARTES NA QUEIMADA'
2025-08-05 14:04:51,091 [INFO] Departamento 'ZOT' encontrado (id=129).
2025-08-05 14:04:51,246 [INFO] Documento inserido (id=42043) — título='GRUPO DE ESTUDOS EM NUTRIÇÃO E PRODUÇÃO DE RUMINANTES'
2025-08-05 14:05:14,345 [INFO] Departamento 'DEC' encontrado (id=124).
2025-08-05 14:05:14,478 [INFO] Documento inserido (id=42044) — título='ORIENTAÇÃO DA EMPRESA JÚNIOR DA ENGENHARIA DE COMPUTAÇÃO – EJEC'
2025-08-05 14:05:15,678 [INFO] Departamento 'HST' encontrado (id=74).
2025-08-05 14:05:15,823 [INFO] Documento inserido (id=42045) — título='PROJETO TEORIA DA HISTÓRIA NA WIKIPÉDIA (SEMESTRE 2023.1)'
2025-08-05 14:05:18,401 [WARNING] Departamento 'ENF' não encontrado.
2025-08-05 14:05:18,536 [INFO] Documento inserido (id=42046) — título='CONSEX - CONSULTA DE ENFERMAGEM UM SEXUALIDADE'
2025-08-05 14:05:19,606 [WARNING] Departamento 'DLLV' não encontrado.
2025-08-05 14:05:19,759 [INFO] Documento inserido (id=42047) — título='GRUPOS DE ESTUDOS NUPILL: RETÓRICA, ESTILÍSTICA E TEORIA DO VERSO'
2025-08-05 14:05:21,919 [WARNING] Departamento 'DLLV' não encontrado.
2025-08-05 14:05:22,053 [INFO] Documento inserido (id=42048) — título='CICLO DE DEBATES SOBRE LITERATURA E SEUS HÍBRIDOS'
2025-08-05 14:05:24,220 [INFO] Departamento 'SPB' encontrado (id=108).
2025-08-05 14:05:24,355 [INFO] Documento inserido (id=42049) — título='A EXTENSÃO DO CEO'
2025-08-05 14:05:28,756 [INFO] Departamento 'EMC' encontrado (id=58).
2025-08-05 14:05:28,930 [INFO] Documento inserido (id=42050) — título='COMISSÃO  CE 26:120.003 APARELHOS AUDITIVOS DA ABNT'
2025-08-05 14:05:30,261 [INFO] Departamento 'MIP' encontrado (id=87).
2025-08-05 14:05:30,466 [INFO] Documento inserido (id=42051) — título='ESTUDO DE VÍRUS ENTÉRICOS DE INTERESSE RESPIRATÓRIO E SARS-COV-2 EM COMUNIDADES '
2025-08-05 14:05:36,744 [INFO] Departamento 'SPB' encontrado (id=108).
2025-08-05 14:05:36,917 [INFO] Documento inserido (id=42052) — título='AÇÕES DE QUALIFICAÇÃO PROFISSIONAL PARA A VIGILÂNCIA EM SAÚDE DO TRABALHADOR'
2025-08-05 14:05:39,273 [INFO] Departamento 'PTL' encontrado (id=102).
2025-08-05 14:05:39,433 [INFO] Documento inserido (id=42053) — título='LIGA ACADÊMICA DE PATOLOGIA DA UNIVERSIDADE FEDERAL DE SANTA CATARINA - LIAP /HU'
2025-08-05 14:05:49,982 [WARNING] Departamento 'CECBA' não encontrado.
2025-08-05 14:05:50,116 [INFO] Documento inserido (id=42054) — título='DIVULGAÇÃO DE GRUPOS DE PESQUISA DO CAMPUS CURITIBANOS DA UFSC'
2025-08-05 14:05:54,201 [WARNING] Departamento 'DCNS' não encontrado.
2025-08-05 14:05:54,335 [INFO] Documento inserido (id=42055) — título='CULTURAS DO CAMPO: AS IDENTIDADES DE GERAÇÕES'
2025-08-05 14:05:57,807 [INFO] Departamento 'INE' encontrado (id=75).
2025-08-05 14:05:58,012 [INFO] Documento inserido (id=42056) — título='ESUS ATENÇÃO BÁSICA - ETAPA 05'
2025-08-05 14:07:49,733 [INFO] Departamento 'INE' encontrado (id=75).
2025-08-05 14:07:49,918 [INFO] Documento inserido (id=42057) — título='SERVIÇO DE DESENVOLVIMENTO DE POC DE DETECÇÃO DE FALHAS DA FUNÇÃO-GERAÇÃO BASEAD'
2025-08-05 14:07:52,702 [INFO] Departamento 'BQA' encontrado (id=15).
2025-08-05 14:07:52,907 [INFO] Documento inserido (id=42058) — título='IDENTIDADE VISUAL E DIVULGAÇÃO DO LABIOSIGNAL E DAS AÇÕES DE PESQUISA E EXTENSÃO'
2025-08-05 14:07:55,630 [INFO] Departamento 'NTR' encontrado (id=94).
2025-08-05 14:07:55,764 [INFO] Documento inserido (id=42059) — título='DO CAMPO À COZINHA: OFICINAS CULINÁRIAS PARA PROMOÇÃO DA ALIMENTAÇÃO SAUDÁVEL E '
2025-08-05 14:08:00,178 [WARNING] Departamento 'CECBA' não encontrado.
2025-08-05 14:08:00,383 [INFO] Documento inserido (id=42060) — título='ELABORAÇÃO DE PROPOSTA PARA PROGRAMA DE PÓS-GRADUAÇÃO EM BIOTECNOLOGIA AGRÍCOLA '
2025-08-05 14:08:11,897 [WARNING] Departamento 'CCE' não encontrado.
2025-08-05 14:08:12,102 [INFO] Documento inserido (id=42061) — título='CADA ENCONTRO EU CONTO UM CONTO'
2025-08-05 14:08:16,472 [INFO] Departamento 'EPS' encontrado (id=64).
2025-08-05 14:08:16,608 [INFO] Documento inserido (id=42062) — título='BLUE BIKERS: OFICINA DE TRICICLO PARA A PESSOA IDOSA COMO PROPOSTA DE INTERAÇÃO '
2025-08-05 14:08:32,220 [INFO] Departamento 'PSI' encontrado (id=101).
2025-08-05 14:08:32,354 [INFO] Documento inserido (id=42063) — título='TRAJETÓRIAS ESTUDANTIS INTERNACIONAIS: ACOLHIMENTO E INTEGRAÇÃO NO PROGRAMA ESTU'
2025-08-05 14:08:43,494 [INFO] Departamento 'MEN' encontrado (id=85).
2025-08-05 14:08:43,698 [INFO] Documento inserido (id=42064) — título='EDITORIA DA REVISTA HISTÓRIA HOJE'
2025-08-05 14:08:45,030 [INFO] Departamento 'ARQ' encontrado (id=8).
2025-08-05 14:08:45,235 [INFO] Documento inserido (id=42065) — título='CONJUNTO HABITACIONAL PONTA DO LEAL - CENTRO COMUNITÁRIO'
2025-08-05 14:08:51,186 [INFO] Departamento 'BQA' encontrado (id=15).
2025-08-05 14:08:51,319 [INFO] Documento inserido (id=42066) — título='EDITORA CONVIDADA DO PERIÓDICO INTERNACIONAL - TOXICOLOGY AND APPLIED PHARMACOLO'
2025-08-05 14:08:52,710 [INFO] Departamento 'EMC' encontrado (id=58).
2025-08-05 14:08:52,914 [INFO] Documento inserido (id=42067) — título='EMISSÃO DE PARECER TÉCNICO PARA MACROMAQ'
2025-08-05 14:08:57,349 [INFO] Departamento 'SPB' encontrado (id=108).
2025-08-05 14:08:57,482 [INFO] Documento inserido (id=42068) — título='REDE DE ATENÇÃO EM SAÚDE PROJETO PET SAÚDE: GESTÃO E ASSISTÊNCIA'
2025-08-05 14:09:37,562 [INFO] Departamento 'FIT' encontrado (id=69).
2025-08-05 14:09:37,697 [INFO] Documento inserido (id=42069) — título='ASSISTÊNCIA TÉCNICA E EXTENSÃO RURAL EM VITICULTURA – CICLO 2022/2023'
2025-08-05 14:09:41,965 [INFO] Departamento 'PSI' encontrado (id=101).
2025-08-05 14:09:42,170 [INFO] Documento inserido (id=42070) — título='GRUPOS REFLEXIVOS SOBRE VIOLÊNCIA  COM MULHERES VÍTIMAS DE VIOLÊNCIA DOMÉSTICA A'
2025-08-05 14:09:44,525 [INFO] Departamento 'MEN' encontrado (id=85).
2025-08-05 14:09:44,730 [INFO] Documento inserido (id=42071) — título='NOTÍCIAS VIRIAIS DE TEMAS CIENTÍFICOS DISSEMINADAS EM CANAIS DE DIVULGAÇÃO SOCIA'
2025-08-05 14:09:47,051 [INFO] Departamento 'DIR' encontrado (id=38).
2025-08-05 14:09:47,184 [INFO] Documento inserido (id=42072) — título='TRABALHO ANÁLOGO AO ESCRAVO: CONCEITOS, MANIFESTAÇÕES E DESAFIOS NA SOCIEDADE CO'
2025-08-05 14:09:49,543 [INFO] Departamento 'PSI' encontrado (id=101).
2025-08-05 14:09:49,747 [INFO] Documento inserido (id=42073) — título='GRUPO DE ESTUDOS SOBRE “PRÁTICAS BASEADAS EM EVIDÊNCIAS EM PSICOLOGIA” (PBEP)'
2025-08-05 14:09:52,165 [INFO] Departamento 'EMC' encontrado (id=58).
2025-08-05 14:09:52,299 [INFO] Documento inserido (id=42074) — título='DESENVOLVIMENTO DE MÉTODOS EXPERIMENTAIS E NUMÉRICOS PARA A AVALIAR A TECNOLOGIA'
2025-08-05 14:09:59,570 [INFO] Departamento 'EMC' encontrado (id=58).
2025-08-05 14:09:59,704 [INFO] Documento inserido (id=42075) — título='AVALIAÇÃO DA SEGURANÇA E EFICÁCIA DE IMPLANTES ORTOPÉDICOS'
2025-08-05 14:10:08,999 [INFO] Departamento 'CIF' encontrado (id=23).
2025-08-05 14:10:09,204 [INFO] Documento inserido (id=42076) — título='CONSULTORIA CIENTÍFICA'
2025-08-05 14:10:10,740 [INFO] Departamento 'HST' encontrado (id=74).
2025-08-05 14:10:10,920 [INFO] Documento inserido (id=42077) — título='TEORIA E HISTÓRIA: O MATERIALISMO HISTÓRICO EM DEBATE'
2025-08-05 14:10:19,956 [INFO] Departamento 'EMB' encontrado (id=57).
2025-08-05 14:10:20,161 [INFO] Documento inserido (id=42078) — título='NEMOBIS - NÚCLEO DE ESTUDOS SOBRE MOBILIDADE SUSTENTÁVEL'
2025-08-05 14:10:23,233 [INFO] Departamento 'ARQ' encontrado (id=8).
2025-08-05 14:10:23,367 [INFO] Documento inserido (id=42079) — título='MATERIOTECA FÍSICA E VIRTUAL – INTEGRAÇÃO EXTENSÃO, PESQUISA E ENSINO'
2025-08-05 14:10:25,312 [INFO] Departamento 'LLE' encontrado (id=79).
2025-08-05 14:10:25,485 [INFO] Documento inserido (id=42080) — título='TRADUZINDO E DIALOGANDO COM A LITERAURA ITALIANA'
2025-08-05 14:10:27,841 [INFO] Departamento 'EGC' encontrado (id=54).
2025-08-05 14:10:28,046 [INFO] Documento inserido (id=42081) — título='DISTRITO CRIATIVO SANTA MARIA'
2025-08-05 14:10:29,889 [INFO] Departamento 'CIT' encontrado (id=117).
2025-08-05 14:10:30,094 [INFO] Documento inserido (id=42082) — título='DESENVOLVENDO O PENSAMENTO COMPUTACIONAL COM PROFESSORES E ESTUDANTES DO ENSINO '
2025-08-05 14:10:33,095 [WARNING] Departamento 'SECARTE' não encontrado.
2025-08-05 14:10:33,269 [INFO] Documento inserido (id=42083) — título='PROJETO COLARTE - CURSOS E OFICINAS LIVRES DE ARTE 2023/1'
2025-08-05 14:10:39,609 [INFO] Departamento 'CFS' encontrado (id=22).
2025-08-05 14:10:39,822 [INFO] Documento inserido (id=42084) — título='EDITOR MEMBRO DA SEÇÃO DE ENDOCRINOLOGIA DO JORNAL CIENTÍFICO SCIENTIFIC REPORTS'
2025-08-05 14:10:41,394 [INFO] Departamento 'MEN' encontrado (id=85).
2025-08-05 14:10:41,768 [INFO] Documento inserido (id=42085) — título='CARAVANA PROSA - ÁGUAS MORNAS - PRIMEIRA EDIÇÃO'
2025-08-05 14:10:45,966 [INFO] Departamento 'LSB' encontrado (id=81).
2025-08-05 14:10:46,171 [INFO] Documento inserido (id=42086) — título='ANÁLISE DO DISCURSO EM/DA LIBRAS É PARA TODOS'
2025-08-05 14:11:11,187 [INFO] Departamento 'LLE' encontrado (id=79).
2025-08-05 14:11:11,362 [INFO] Documento inserido (id=42087) — título='TRADUTORES EM FORMAÇÃO: REFLEXÕES, PERSPECTIVAS E AÇÕES (PARTE II)'
2025-08-05 14:11:13,614 [INFO] Departamento 'DCS' encontrado (id=125).
2025-08-05 14:11:13,819 [INFO] Documento inserido (id=42088) — título='PROJETO NISE DA SILVEIRA: REABILITAÇÃO FISIOTERAPEUTICA E SAÚDE MENTAL'
2025-08-05 14:11:16,687 [INFO] Departamento 'EGC' encontrado (id=54).
2025-08-05 14:11:16,821 [INFO] Documento inserido (id=42089) — título='ATIVIDADES ACADÊMICAS NA UNIVERSIDAD NACIONAL DE ASUNCIÓN  - PARAGUAY'
2025-08-05 14:11:18,049 [WARNING] Departamento 'CEM' não encontrado.
2025-08-05 14:11:18,184 [INFO] Documento inserido (id=42090) — título='MUSEOLOGIA EM CURSO'
2025-08-05 14:11:23,552 [INFO] Departamento 'DIR' encontrado (id=38).
2025-08-05 14:11:23,756 [INFO] Documento inserido (id=42091) — título='ASSISTÊNCIA JURÍDICA GRATUITA ÀS ASSOCIAÇÕES CIVIS NO ÂMBITO DA AÇÃO CIVIL PÚBLI'
2025-08-05 14:11:29,416 [INFO] Departamento 'EMB' encontrado (id=57).
2025-08-05 14:11:29,589 [INFO] Documento inserido (id=42092) — título='INTERNATIONAL DIGITAL STUDY PROJECT'
2025-08-05 14:11:35,938 [WARNING] Departamento 'NDI' não encontrado.
2025-08-05 14:11:36,143 [INFO] Documento inserido (id=42093) — título='GRUPO DE ESTUDOS PSICOLOGIA & EDUCAÇÃO'
2025-08-05 14:11:38,293 [INFO] Departamento 'MTM' encontrado (id=90).
2025-08-05 14:11:38,479 [INFO] Documento inserido (id=42094) — título='GAUSS PRÉ-VESTIBULAR 2023-01'
2025-08-05 14:11:43,209 [INFO] Departamento 'PSI' encontrado (id=101).
2025-08-05 14:11:43,414 [INFO] Documento inserido (id=42095) — título='CÍRCULOS GESTÁLTICOS'
2025-08-05 14:11:51,503 [INFO] Departamento 'DTO' encontrado (id=45).
2025-08-05 14:11:51,708 [INFO] Documento inserido (id=42096) — título='GRUPO DE ESTUDOS EM GINECOLOGIA E OBSTETRÍCIA II (LAGO)'
2025-08-05 14:11:56,623 [INFO] Departamento 'MEN' encontrado (id=85).
2025-08-05 14:11:56,757 [INFO] Documento inserido (id=42097) — título='COMISSÃO ACADÊMICA NACIONAL DO PROFHISTÓRIA'
2025-08-05 14:11:57,852 [INFO] Departamento 'MEN' encontrado (id=85).
2025-08-05 14:11:58,057 [INFO] Documento inserido (id=42098) — título='BIODANZA: APRENDIZAGEM VIVENCIAL SOBRE O “CUIDADO”'
2025-08-05 14:11:59,715 [INFO] Departamento 'EED' encontrado (id=50).
2025-08-05 14:11:59,848 [INFO] Documento inserido (id=42099) — título='GOVERNAMENTALIDADE ALGORITMICA E FORMAÇÃO HUMANA'
2025-08-05 14:12:01,231 [INFO] Departamento 'ECV' encontrado (id=46).
2025-08-05 14:12:01,365 [INFO] Documento inserido (id=42100) — título='PARTICIPAÇÃO NA COMISSÃO DE ESTUDO ABNT PARA ELABORAÇÃO DE NORMA DE SISTEMAS CON'
2025-08-05 14:12:03,261 [WARNING] Departamento 'DEBSU' não encontrado.
2025-08-05 14:12:03,485 [INFO] Documento inserido (id=42101) — título='GRUPO DE ESTUDOS EM EQUINOS E BOVINOS (GEEB)'
2025-08-05 14:12:08,430 [INFO] Departamento 'CCN' encontrado (id=19).
2025-08-05 14:12:08,604 [INFO] Documento inserido (id=42102) — título='I FÓRUM CATARINENSE DO SETOR PORTUÁRIO'
2025-08-05 14:12:10,448 [INFO] Departamento 'PSI' encontrado (id=101).
2025-08-05 14:12:10,587 [INFO] Documento inserido (id=42103) — título='FÊNIX:APOIO PSICOLÓGICO PARA MULHERES EM RELACIONAMENTOS ABUSIVOS'
2025-08-05 14:12:13,346 [WARNING] Departamento 'SINTER' não encontrado.
2025-08-05 14:12:13,478 [INFO] Documento inserido (id=42104) — título='INTRODUÇÃO À LÍNGUA E CULTURA CHINESAS'
2025-08-05 14:12:13,827 [INFO] Pessoa criada: ANDRE DE AVILA RAMOS, FERNANDA GEREMIAS LEAL (id=43870, vinculo=2)
2025-08-05 14:12:16,931 [INFO] Departamento 'DPT' encontrado (id=42).
2025-08-05 14:12:17,068 [INFO] Documento inserido (id=42105) — título='PRESIDENTE DO DEPARTAMENTO CIENTÍFICO DE ONCOLOGIA DA SOCIEDADE CATARINENSE DE P'
2025-08-05 14:12:18,230 [WARNING] Departamento 'DCEE' não encontrado.
2025-08-05 14:12:18,435 [INFO] Documento inserido (id=42106) — título='CERVEJA COM CIÊNCIA - GLOSSÁRIO CERVEJEIRO E SÉRIE MICROORGANISMOS'
2025-08-05 14:12:21,712 [INFO] Departamento 'ECV' encontrado (id=46).
2025-08-05 14:12:21,917 [INFO] Documento inserido (id=42107) — título='MONITORIA DE AUTOCAD, REVIT E FTOOL'
2025-08-05 14:12:28,143 [INFO] Departamento 'DIR' encontrado (id=38).
2025-08-05 14:12:28,278 [INFO] Documento inserido (id=42108) — título='ENCONTROS NUPPI - 2023 - MÓDULO I'
2025-08-05 14:12:35,126 [INFO] Commit parcial — 200 linhas processadas.
2025-08-05 14:12:35,536 [WARNING] Departamento 'FONO' não encontrado.
2025-08-05 14:12:35,741 [INFO] Documento inserido (id=42109) — título='AMBULATÓRIO DE DESVIO FONOLÓGICO (CONTINUAÇÃO DO PROJETO Nº 201706684)'
2025-08-05 14:12:43,075 [INFO] Departamento 'LSB' encontrado (id=81).
2025-08-05 14:12:43,216 [INFO] Documento inserido (id=42110) — título='ORGANIZAÇÃO DO SEMINÁRIO DO LETRAS LIBRAS (SELL) - EDIÇÕES DE 2020 A 2022'
2025-08-05 14:12:49,667 [INFO] Departamento 'ODT' encontrado (id=97).
2025-08-05 14:12:49,873 [INFO] Documento inserido (id=42111) — título='ATENDIMENTO ON-LINE CEMDOR'
2025-08-05 14:12:59,448 [INFO] Departamento 'ARQ' encontrado (id=8).
2025-08-05 14:12:59,582 [INFO] Documento inserido (id=42112) — título='DESENVOLVIMENTO DE PROJETO PARA REGULARIZAÇÃO DA HORTA COMUNITÁRIA DO PARQUE CUL'
2025-08-05 14:13:00,516 [INFO] Departamento 'CLC' encontrado (id=25).
2025-08-05 14:13:00,649 [INFO] Documento inserido (id=42113) — título='INTEGRAÇÃO DOCENTE ASSISTENCIAL'
2025-08-05 14:13:02,570 [INFO] Departamento 'DCS' encontrado (id=125).
2025-08-05 14:13:02,705 [INFO] Documento inserido (id=42114) — título='LANEFRO - LIGA DE NEFROLOGIA DA UFSC'
2025-08-05 14:13:13,969 [INFO] Departamento 'EGR' encontrado (id=55).
2025-08-05 14:13:14,103 [INFO] Documento inserido (id=42115) — título='ARTES CONECTADAS: DESENVOLVIMENTO E CURADORIA DE UMA PÁGINA ONLINE SOBRE PRODUÇÕ'
2025-08-05 14:13:16,593 [INFO] Departamento 'ZOT' encontrado (id=129).
2025-08-05 14:13:16,728 [INFO] Documento inserido (id=42116) — título='CICLO DE DEBATE SOBRE GESTÃO RURAL NA ATUALIDADE: DESAFIOS E INOVAÇÕES'
2025-08-05 14:13:18,284 [INFO] Departamento 'ARQ' encontrado (id=8).
2025-08-05 14:13:18,489 [INFO] Documento inserido (id=42117) — título='TÍTULO: PONTE PRESENTE: SALVAGUARDA DE ELEMENTOS DA PONTE HERCÍLIO LUZ JUNTO À U'
2025-08-05 14:13:22,948 [WARNING] Departamento 'DCNS' não encontrado.
2025-08-05 14:13:23,153 [INFO] Documento inserido (id=42118) — título='AVALIAÇÃO DA EFICIÊNCIA AGRONÔMICA DE INOCULANTES NA CULTURA DA SOJA PARA DIFERE'
2025-08-05 14:13:35,851 [INFO] Departamento 'INE' encontrado (id=75).
2025-08-05 14:13:36,055 [INFO] Documento inserido (id=42119) — título='INSTITUTO MEMÓRIA E DIREITOS HUMANOS'
2025-08-05 14:13:42,507 [INFO] Departamento 'ACL' encontrado (id=1).
2025-08-05 14:13:42,711 [INFO] Documento inserido (id=42120) — título='PROJETO JORNADA DO ESTUDANTE- ETAPA 1'
2025-08-05 14:15:00,639 [WARNING] Departamento 'NDI' não encontrado.
2025-08-05 14:15:00,844 [INFO] Documento inserido (id=42121) — título='NDI COMUNIDADE: AMPLIANDO A RELAÇÃO TEORIA E PRÁTICA NA FORMAÇÃO INICIAL E CONTI'
2025-08-05 14:15:10,572 [INFO] Departamento 'OCN' encontrado (id=96).
2025-08-05 14:15:10,777 [INFO] Documento inserido (id=42122) — título='LISTA DE ESPÉCIES EXÓTICAS INVASORAS NO ESTADO DE SANTA CATARINA'
2025-08-05 14:15:13,235 [INFO] Departamento 'MOR' encontrado (id=89).
2025-08-05 14:15:13,439 [INFO] Documento inserido (id=42123) — título='CRIAÇÃO DE UMA PÁGINA DOMÍNIO UFSC CONTENDO INFORMAÇÕES SOBRE A DOAÇÃO DE CORPOS'
2025-08-05 14:15:17,536 [INFO] Departamento 'ODT' encontrado (id=97).
2025-08-05 14:15:17,740 [INFO] Documento inserido (id=42124) — título='MENTORIA PARA O PLANEJAMENTO E ACOMPANHAMENTO DE UMA DISCIPLINA DE REVISÃO SISTE'
2025-08-05 14:15:22,277 [INFO] Departamento 'EMB' encontrado (id=57).
2025-08-05 14:15:22,450 [INFO] Documento inserido (id=42125) — título='ANÁLISE DE CENÁRIOS LOGÍSTICOS PARA UMA EMPRESA CATARINENSE DE ECOMMERCE'
2025-08-05 14:15:26,239 [INFO] Departamento 'CLM' encontrado (id=26).
2025-08-05 14:15:26,444 [INFO] Documento inserido (id=42126) — título='LIGA ACADÊMICA DE INFECTOLOGIA (LINFECTO/UFSC)'
2025-08-05 14:15:33,101 [WARNING] Departamento 'FONO' não encontrado.
2025-08-05 14:15:33,305 [INFO] Documento inserido (id=42127) — título='PROGRAMA TERAPÊUTICO PARA ATENDIMENTO EM GRUPO DE PACIENTES AFÁSICOS'
2025-08-05 14:15:38,835 [WARNING] Departamento 'FONO' não encontrado.
2025-08-05 14:15:39,040 [INFO] Documento inserido (id=42128) — título='LIGA ACADÊMICA DE MOTRICIDADE OROFACIAL - LAMOTRI'
2025-08-05 14:15:50,159 [INFO] Departamento 'PTL' encontrado (id=102).
2025-08-05 14:15:50,292 [INFO] Documento inserido (id=42129) — título='EMISSÃO DE LAUDOS DE TELE-ESTOMATOLOGIA NO SISTEMA CATARINENSE DE TELEMEDICINA E'
2025-08-05 14:15:51,430 [INFO] Departamento 'ART' encontrado (id=118).
2025-08-05 14:15:51,635 [INFO] Documento inserido (id=42130) — título='UM ESTUDO PRÁTICO DO MÉTODO DE CRIAÇÃO COLETIVA DO TEATRO EXPERIMENTAL DE CALI ('
2025-08-05 14:15:57,395 [WARNING] Departamento 'DGMT' não encontrado.
2025-08-05 14:15:57,530 [INFO] Documento inserido (id=42131) — título='AMMO-MAKER: INDUSTRIANATO MAKER VOLTADO PARA O EMPODERAMENTO DAS MULHERES DA COM'
2025-08-05 14:16:03,301 [INFO] Departamento 'MOR' encontrado (id=89).
2025-08-05 14:16:03,434 [INFO] Documento inserido (id=42132) — título='CIENTISTAS MIRINS'
2025-08-05 14:16:05,357 [INFO] Departamento 'DIR' encontrado (id=38).
2025-08-05 14:16:05,492 [INFO] Documento inserido (id=42133) — título='CAPTURA CRÍPTICA: DIREITO, POLÍTICA, ATUALIDADE – REVISTA DISCENTE DO PPGD/UFSC '
2025-08-05 14:16:10,579 [WARNING] Departamento 'DEBSU' não encontrado.
2025-08-05 14:16:10,784 [INFO] Documento inserido (id=42134) — título='GRUPO DE ESTUDOS EM SUÍNOS E AVES'
2025-08-05 14:16:15,392 [INFO] Departamento 'CIN' encontrado (id=24).
2025-08-05 14:16:15,597 [INFO] Documento inserido (id=42135) — título='TRATAMENTO DE HIGIENIZAÇÃO DA OBRA “VOYAGE PITTORESQUE ET HISTORIQUE AU BRÉSIL” '
2025-08-05 14:16:19,898 [INFO] Departamento 'EMC' encontrado (id=58).
2025-08-05 14:16:20,033 [INFO] Documento inserido (id=42136) — título='MEDIÇÃO DAS CARACTERÍSTICAS DE ABSORÇÃO SONORA EM MATERIAIS POROSOS MULTI-CAMADA'
2025-08-05 14:16:21,844 [INFO] Departamento 'AQI' encontrado (id=6).
2025-08-05 14:16:21,979 [INFO] Documento inserido (id=42137) — título='CONSULTORIA EM ELABORAÇÃO DE PROJETOS DE ENGENHARIA PARA FINS AQUÍCOLAS - LABORA'
2025-08-05 14:16:23,892 [INFO] Departamento 'PSI' encontrado (id=101).
2025-08-05 14:16:24,096 [INFO] Documento inserido (id=42138) — título='GRUPO DE ESTUDOS EM ANÁLISE DO COMPORTAMENTO - EDIÇÃO 2023.1'
2025-08-05 14:16:34,037 [INFO] Departamento 'EGR' encontrado (id=55).
2025-08-05 14:16:34,234 [INFO] Documento inserido (id=42139) — título='ATIVIDADES DE EXTENSÃO VIRTUHAB: ENSUS, MIX SUSTENTÁVEL E AFINS'
2025-08-05 14:16:48,468 [INFO] Departamento 'DCS' encontrado (id=125).
2025-08-05 14:16:48,673 [INFO] Documento inserido (id=42140) — título='LIGA ACADÊMICA DE ANATOMIA HUMANA - LAAHUFSC'
2025-08-05 14:17:01,123 [WARNING] Departamento 'DABF' não encontrado.
2025-08-05 14:17:01,258 [INFO] Documento inserido (id=42141) — título='PROJETO MUDA MUNDO'
2025-08-05 14:17:16,628 [INFO] Departamento 'CAD' encontrado (id=16).
2025-08-05 14:17:16,833 [INFO] Documento inserido (id=42142) — título='PROJETO SOCIAL IMPACTANDO ELAS: INCLUSÃO DAS JOVENS NO MERCADO DE TECNOLOGIA'
2025-08-05 14:17:24,513 [INFO] Departamento 'CFS' encontrado (id=22).
2025-08-05 14:17:24,723 [INFO] Documento inserido (id=42143) — título='DIVULGAÇÃO CIENTÍFICA NA ÁREA DE NEUROCIÊNCIAS'
2025-08-05 14:17:27,278 [INFO] Departamento 'CLM' encontrado (id=26).
2025-08-05 14:17:27,483 [INFO] Documento inserido (id=42144) — título='LIGA ACADÊMICA DE CARDIOLOGIA'
2025-08-05 14:17:32,839 [INFO] Departamento 'ARQ' encontrado (id=8).
2025-08-05 14:17:33,012 [INFO] Documento inserido (id=42145) — título='EXPERIÊNCIA REMOTA NO ENSINO DE PROJETO ARQUITETÔNICO'
2025-08-05 14:17:34,446 [WARNING] Departamento 'FONO' não encontrado.
2025-08-05 14:17:34,651 [INFO] Documento inserido (id=42146) — título='AMBULATÓRIO DE AFASIA'
2025-08-05 14:17:41,102 [INFO] Departamento 'LLE' encontrado (id=79).
2025-08-05 14:17:41,307 [INFO] Documento inserido (id=42147) — título='VIRTUAL EXCHANGE PROGRAM - UFSC-WINGARTEN'
2025-08-05 14:17:45,583 [INFO] Departamento 'ECV' encontrado (id=46).
2025-08-05 14:17:45,716 [INFO] Documento inserido (id=42148) — título='APOIO TÉCNICO NO PLANEJAMENTO DE INVESTIMENTOS DO SETOR DE AVIAÇÃO CIVIL'
2025-08-05 14:17:46,120 [INFO] Pessoa criada: AMIR MATTAR VALENTE, WELLINGTON LONGUINI REPETTE (id=43871, vinculo=2)
2025-08-05 14:19:28,317 [INFO] Departamento 'ECV' encontrado (id=46).
2025-08-05 14:19:28,522 [INFO] Documento inserido (id=42149) — título='ATUALIZAÇÃO DA CAPACITAÇÃO PARA UTILIZAÇÃO DO SISTEMA INTEGRADO DE INFORMAÇÕES S'
2025-08-05 14:19:45,449 [INFO] Departamento 'EEL' encontrado (id=51).
2025-08-05 14:19:45,622 [INFO] Documento inserido (id=42150) — título='CONTRIBUIÇÕES AO DESENVOLVIMENTO DE SOFTWARE DE CÓDIGO ABERTO PARA O PROJETO DE '
2025-08-05 14:19:46,953 [INFO] Departamento 'ODT' encontrado (id=97).
2025-08-05 14:19:47,159 [INFO] Documento inserido (id=42151) — título='CONTROLE DE QUALIDADE E INTERPRETAÇÃO DAS RADIOGRAFIAS REALIZADAS PELOS ALUNOS D'
2025-08-05 14:19:50,324 [INFO] Departamento 'INE' encontrado (id=75).
2025-08-05 14:19:50,457 [INFO] Documento inserido (id=42152) — título='ELEIÇÕES ELETRÔNICAS COM SISTEMA HELIOS VOTING EM SALA COFRE AUDITADA A ORDEM DO'
2025-08-05 14:19:53,057 [INFO] Departamento 'DIR' encontrado (id=38).
2025-08-05 14:19:53,190 [INFO] Documento inserido (id=42153) — título='IUS GENTIUM - TÓPICOS ATUAIS EM DIREITOS HUMANOS (32ª EDIÇÃO)'
2025-08-05 14:19:55,146 [INFO] Departamento 'ECZ' encontrado (id=47).
2025-08-05 14:19:55,280 [INFO] Documento inserido (id=42154) — título='MODELOS DE AULAS E KITS DE MATERIAIS BIOLÓGICOS PARA EDUCAÇÃO CIENTÍFICA'
2025-08-05 14:19:57,021 [INFO] Departamento 'CLM' encontrado (id=26).
2025-08-05 14:19:57,154 [INFO] Documento inserido (id=42155) — título='EMISSÃO DE LAUDOS DE ELETROENCEFALOGRAMA NO HOSPITAL UNIVERSITÁRIO DA UFSC'
2025-08-05 14:19:58,313 [WARNING] Departamento 'FONO' não encontrado.
2025-08-05 14:19:58,526 [INFO] Documento inserido (id=42156) — título='FONOAUDIOLOGIA NA ATENÇÃO BÁSICA: PROPOSTA PARA AMPLIAÇÃO DO ACESSO E INOVAÇÕES '
2025-08-05 14:20:00,369 [WARNING] Departamento 'SEPLAN' não encontrado.
2025-08-05 14:20:00,573 [INFO] Documento inserido (id=42157) — título='ASSESSORIA E CONSULTORIA NA OPERAÇÃO DA AC-RAIZ ICPEDU - 2020'
2025-08-05 14:20:04,335 [INFO] Departamento 'ART' encontrado (id=118).
2025-08-05 14:20:04,567 [INFO] Documento inserido (id=42158) — título='PROJETO ÁGORA IV'
2025-08-05 14:20:07,741 [WARNING] Departamento 'DEBSU' não encontrado.
2025-08-05 14:20:07,946 [INFO] Documento inserido (id=42159) — título='EDUCAÇÃO PERMANENTE EM SAÚDE: OFICINAS DE CAPACITAÇÃO PARA PROFISSIONAIS DA ASSO'
2025-08-05 14:20:11,325 [INFO] Departamento 'DIR' encontrado (id=38).
2025-08-05 14:20:11,530 [INFO] Documento inserido (id=42160) — título='TRABALHADORES EM CROWDWORK'
2025-08-05 14:20:17,367 [INFO] Departamento 'EES' encontrado (id=123).
2025-08-05 14:20:17,571 [INFO] Documento inserido (id=42161) — título='ORIENTAÇÃO DA ASSOCIAÇÃO JÚNIOR DE ENGENHARIA DE ENERGIA - ENEJR'
2025-08-05 14:20:18,903 [INFO] Departamento 'EGC' encontrado (id=54).
2025-08-05 14:20:19,107 [INFO] Documento inserido (id=42162) — título='URBANAGROS'
2025-08-05 14:20:22,691 [WARNING] Departamento 'DCNS' não encontrado.
2025-08-05 14:20:22,896 [INFO] Documento inserido (id=42163) — título='JIU JITSU EDUCACIONAL'
2025-08-05 14:20:25,354 [INFO] Departamento 'ODT' encontrado (id=97).
2025-08-05 14:20:25,558 [INFO] Documento inserido (id=42164) — título='CUIDADO À SAÚDE BUCAL DE IDOSOS COM CAPACIDADE FUNCIONAL LIMITADA'
2025-08-05 14:20:35,900 [INFO] Departamento 'CLC' encontrado (id=25).
2025-08-05 14:20:36,105 [INFO] Documento inserido (id=42165) — título='LIGA ACADÊMICA DE CIRURGIA PLÁSTICA'
2025-08-05 14:20:42,249 [INFO] Departamento 'DIR' encontrado (id=38).
2025-08-05 14:20:42,454 [INFO] Documento inserido (id=42166) — título='SEMINÁRIO DE PESQUISA DO DOUTORADO EM DIREITO 2023.1'
2025-08-05 14:20:49,314 [WARNING] Departamento 'ENF' não encontrado.
2025-08-05 14:20:49,519 [INFO] Documento inserido (id=42167) — título='ALFABETIZAÇÃO DE ADULTOS'
2025-08-05 14:20:50,984 [WARNING] Departamento 'DCNS' não encontrado.
2025-08-05 14:20:51,158 [INFO] Documento inserido (id=42168) — título='OBSERVATÓRIO SOCIOAMBIENTAL'
2025-08-05 14:20:56,482 [WARNING] Departamento 'DABF' não encontrado.
2025-08-05 14:20:56,687 [INFO] Documento inserido (id=42169) — título='O LAÇO ENTRE A COMUNIDADE E O PROGRAMA DE RÁDIO UFSC EM COMUNICAÇÃO'
2025-08-05 14:20:59,514 [INFO] Departamento 'EGR' encontrado (id=55).
2025-08-05 14:20:59,656 [INFO] Documento inserido (id=42170) — título='PARTICIPAÇÃO NO 36 DAYS OF TYPE'
2025-08-05 14:21:01,602 [INFO] Departamento 'LLE' encontrado (id=79).
2025-08-05 14:21:01,737 [INFO] Documento inserido (id=42171) — título='DESARQUIVANDO O LITERÁRIO: PERCURSOS ENTRE LÍNGUAS'
2025-08-05 14:21:08,053 [INFO] Departamento 'CAL' encontrado (id=17).
2025-08-05 14:21:08,259 [INFO] Documento inserido (id=42172) — título='ATIVIDADES ANALÍTICAS DO LABORATÓRIO CERES'
2025-08-05 14:21:15,926 [INFO] Departamento 'ENR' encontrado (id=61).
2025-08-05 14:21:16,058 [INFO] Documento inserido (id=42173) — título='ACADEMIA DE TAEKWONDO DO CENTRO DE CIÊNCIAS AGRÁRIAS - UNIVERSIDADE FEDERAL DE S'
2025-08-05 14:21:17,371 [INFO] Departamento 'QMC' encontrado (id=103).
2025-08-05 14:21:17,576 [INFO] Documento inserido (id=42174) — título='DETERMINAÇÃO DE PARÂMETROS INORGÂNICOS POR TÉCNICAS ESPECTROMÉTRICAS'
2025-08-05 14:21:20,094 [INFO] Departamento 'MEN' encontrado (id=85).
2025-08-05 14:21:20,227 [INFO] Documento inserido (id=42175) — título='PRÁTICAS E ESTUDOS DO TEATRO DO OPRIMIDO'
2025-08-05 14:21:23,617 [INFO] Departamento 'ARQ' encontrado (id=8).
2025-08-05 14:21:23,822 [INFO] Documento inserido (id=42176) — título='COLÓQUIO: O BRASIL MODERNO. ARTE, CULTURA, HISTÓRIA E HISTORIOGRAFIA'
2025-08-05 14:21:28,328 [INFO] Departamento 'MEN' encontrado (id=85).
2025-08-05 14:21:28,532 [INFO] Documento inserido (id=42177) — título='CRIAÇÃO E AUTORIA DE MATERIAIS DIDÁTICOS COM PROFESSORES DE HISTÓRIA'
2025-08-05 14:21:36,551 [INFO] Departamento 'EGC' encontrado (id=54).
2025-08-05 14:21:36,687 [INFO] Documento inserido (id=42178) — título='PLANEJAMENTO DE UM DISTRITO CRIATIVO PARA A ÁREA CENTRAL DE SANTA MARIA, NO RIO '
2025-08-05 14:21:38,283 [WARNING] Departamento 'DABF' não encontrado.
2025-08-05 14:21:38,465 [INFO] Documento inserido (id=42179) — título='CIÊNCIA E ARTE: ILUSTRAÇÃO CIENTÍFICA DOS MICRORGANISMOS'
2025-08-05 14:21:40,954 [INFO] Departamento 'CAD' encontrado (id=16).
2025-08-05 14:21:41,103 [INFO] Documento inserido (id=42180) — título='SOCIEDADE BRASILEIRA DE ESTUDOS ORGANIZACIONAIS - MEMBRO TITULAR (ELEITO) DO CON'
2025-08-05 14:21:42,153 [INFO] Departamento 'EMT' encontrado (id=114).
2025-08-05 14:21:42,306 [INFO] Documento inserido (id=42181) — título='UFSC BLUMENAU E SETOR PRODUTIVO DO VALE DO ITAJAÍ: OPORTUNIZANDO INTERAÇÕES.'
2025-08-05 14:21:47,212 [INFO] Departamento 'EED' encontrado (id=50).
2025-08-05 14:21:47,346 [INFO] Documento inserido (id=42182) — título='CICLO DE ESTUDO E PESQUISA E FORMAÇÃO CONTINUADA - DO GRUPO DE ESTUDOS E PESQUIS'
2025-08-05 14:21:56,033 [WARNING] Departamento 'EAS' não encontrado.
2025-08-05 14:21:56,167 [INFO] Documento inserido (id=42183) — título='SYSTEMS AND CONTROL FOR SOCIETAL IMPACT'
2025-08-05 14:21:57,306 [INFO] Departamento 'CAD' encontrado (id=16).
2025-08-05 14:21:57,510 [INFO] Documento inserido (id=42184) — título='USO DE METODOLOGIAS E FERRAMENTAS COMPUTACIONAIS MODERNAS PARA APRIMORAR A FORMA'
2025-08-05 14:21:58,534 [INFO] Departamento 'EMC' encontrado (id=58).
2025-08-05 14:21:58,667 [INFO] Documento inserido (id=42185) — título='DESENVOLVIMENTO DE SITE DIDÁTICO: DISCIPLINAS DE METODOLOGIA DE PROJETO'
2025-08-05 14:21:59,866 [INFO] Departamento 'CAL' encontrado (id=17).
2025-08-05 14:21:59,999 [INFO] Documento inserido (id=42186) — título='APOIO TÉCNICO AOS MARICULTORES DA GRANDE FLORIANÓPOLIS PARA BENEFICIAMENTO E COM'
2025-08-05 14:22:04,883 [WARNING] Departamento 'CA' não encontrado.
2025-08-05 14:22:05,088 [INFO] Documento inserido (id=42187) — título='COLETIVO LIXO ZERO POR UM CA COMO ESPAÇO EDUCADOR SUSTENTÁVEL'
2025-08-05 14:22:09,696 [INFO] Departamento 'EEL' encontrado (id=51).
2025-08-05 14:22:09,901 [INFO] Documento inserido (id=42188) — título='MONITORAMENTO DA ELETROQUIMIOTERAPIA EM ANIMAIS'
2025-08-05 14:22:11,232 [WARNING] Departamento 'DABF' não encontrado.
2025-08-05 14:22:11,437 [INFO] Documento inserido (id=42189) — título='ILUSTRANDO AS PAISAGENS PRODUTIVAS DO PLANALTO SERRANO: A ARTE COMO INSTRUMENTO '
2025-08-05 14:22:14,508 [INFO] Departamento 'LLE' encontrado (id=79).
2025-08-05 14:22:14,714 [INFO] Documento inserido (id=42190) — título='PROFICIÊNCIA PARA MESTRADO PROFISSIONAL - ENFAM'
2025-08-05 14:22:19,222 [INFO] Departamento 'LLE' encontrado (id=79).
2025-08-05 14:22:19,698 [INFO] Documento inserido (id=42191) — título='INTERCÂMBIO VIRTUAL DA COLABORAÇÃO ENTRE UFSC E FSCJ'
2025-08-05 14:22:22,206 [INFO] Departamento 'EGC' encontrado (id=54).
2025-08-05 14:22:22,802 [INFO] Documento inserido (id=42192) — título='ENGENHEIRA, GESTÃO E MÍDIAS DO CONHECIMENTO PARA A UNIVERSIDADE E A SOCIEDADE – '
2025-08-05 14:22:25,425 [INFO] Departamento 'PSI' encontrado (id=101).
2025-08-05 14:22:25,568 [INFO] Documento inserido (id=42193) — título='COMISSÃO DE APERIÓDICOS APPOA'
2025-08-05 14:22:27,002 [WARNING] Departamento 'DCNS' não encontrado.
2025-08-05 14:22:27,210 [INFO] Documento inserido (id=42194) — título='COMISSÃO DE PRODUÇÃO ORGÂNICA DO ESTADO DE SANTA CATARINA (CPORG-SC)'
2025-08-05 14:22:28,700 [WARNING] Departamento 'DCEE' não encontrado.
2025-08-05 14:22:28,834 [INFO] Documento inserido (id=42195) — título='CERVEJARIA ESCOLA UFSC – BLUMENAU'
2025-08-05 14:22:30,176 [INFO] Departamento 'CLM' encontrado (id=26).
2025-08-05 14:22:30,309 [INFO] Documento inserido (id=42196) — título='PROJETO DE EXTENSÃO EM SEMIOLOGIA CLÍNICA'
2025-08-05 14:22:34,034 [INFO] Departamento 'CIN' encontrado (id=24).
2025-08-05 14:22:34,272 [INFO] Documento inserido (id=42197) — título='FONTES DE INFORMAÇÃO TECNOLÓGICA PARA O EMPREENDEDORISMO EM STARTUPS'
2025-08-05 14:22:36,382 [INFO] Departamento 'CCN' encontrado (id=19).
2025-08-05 14:22:36,516 [INFO] Documento inserido (id=42198) — título='CONSELHO FISCAL SC PARTICIPAÇÕES E PARCERIAS S.A'
2025-08-05 14:22:37,753 [INFO] Departamento 'DCS' encontrado (id=125).
2025-08-05 14:22:37,958 [INFO] Documento inserido (id=42199) — título='REALIDADE AUMENTADA E VIRTUAL NO ENSINO DE CIÊNCIAS'
2025-08-05 14:22:38,367 [INFO] Pessoa criada: JOSETE MAZON, IANE FRANCESCHET (id=43872, vinculo=2)
2025-08-05 14:22:48,563 [INFO] Departamento 'DIR' encontrado (id=38).
2025-08-05 14:22:48,710 [INFO] Documento inserido (id=42200) — título='GRUPO DE ESTUDOS EM DIREITO PENAL ECONÔMICO'
2025-08-05 14:22:51,679 [INFO] Departamento 'EQA' encontrado (id=65).
2025-08-05 14:22:51,884 [INFO] Documento inserido (id=42201) — título='AVALIAÇÃO DOS PRODUTOS E PROCESSOS DE FABRICAÇÃO DE TINTAS E SOLVENTES'
2025-08-05 14:22:54,640 [INFO] Departamento 'EQA' encontrado (id=65).
2025-08-05 14:22:54,772 [INFO] Documento inserido (id=42202) — título='PRESTAÇÃO DE SERVIÇOS ANALITÍCOS DE AVALIAÇÃO E CARACTERIZAÇÃO DE MATERIAIS PELO'
2025-08-05 14:22:57,771 [INFO] Departamento 'EQA' encontrado (id=65).
2025-08-05 14:22:57,906 [INFO] Documento inserido (id=42203) — título='ANÁLISES E ENSAIOS DO LABORATÓRIO INTERDISCIPLINAR PARA O DESENVOLVIMENTO DE NAN'
2025-08-05 14:22:59,087 [INFO] Departamento 'EQA' encontrado (id=65).
2025-08-05 14:22:59,235 [INFO] Documento inserido (id=42204) — título='ANÁLISES E ENSAIOS DO LABORATÓRIO DE PROCESSAMENTO CERÂMICO (PROCER/EQA)'
2025-08-05 14:23:00,588 [INFO] Departamento 'MIP' encontrado (id=87).
2025-08-05 14:23:00,792 [INFO] Documento inserido (id=42205) — título='PROGRAMA JOVENS LIDERANÇAS MÉDICAS - ACADEMIA NACIONAL DE MEDICINA'
2025-08-05 14:23:02,021 [WARNING] Departamento 'FONO' não encontrado.
2025-08-05 14:23:02,226 [INFO] Documento inserido (id=42206) — título='AMBULATÓRIO DE FOLLOW-UP EM SAÚDE AUDITIVA'
2025-08-05 14:23:02,566 [INFO] Pessoa criada: PATRICIA HAAS, KARINA MARY DE PAIVA VOLPICELI (id=43873, vinculo=2)
2025-08-05 14:23:04,786 [WARNING] Departamento 'CCB' não encontrado.
2025-08-05 14:23:04,991 [INFO] Documento inserido (id=42207) — título='O USO DE TÉCNICAS ANATÔMICAS PARA O APERFEIÇOAMENTO DO PROCESSO DE ENSINO E APRE'
2025-08-05 14:23:08,710 [WARNING] Departamento 'ENF' não encontrado.
2025-08-05 14:23:08,882 [INFO] Documento inserido (id=42208) — título='GRUPO DE ESTUDOS E EDUCAÇÃO EM DIABETES INFANTIL'
2025-08-05 14:23:23,350 [INFO] Commit parcial — 300 linhas processadas.
2025-08-05 14:23:23,635 [INFO] Departamento 'CLM' encontrado (id=26).
2025-08-05 14:23:23,835 [INFO] Documento inserido (id=42209) — título='“NÚCLEO DE ESTUDOS E TRATAMENTO DO TABAGISMO DO HOSPITAL UNIVERSITÁRIO PROF. POL'
2025-08-05 14:23:27,959 [INFO] Departamento 'DGL' encontrado (id=112).
2025-08-05 14:23:28,133 [INFO] Documento inserido (id=42210) — título='MAPEAMENTO AMBIENTAL DE BACIAS HIDROGRÁFICAS'
2025-08-05 14:23:31,866 [INFO] Departamento 'LLE' encontrado (id=79).
2025-08-05 14:23:32,071 [INFO] Documento inserido (id=42211) — título='TRADUÇÃO (PORTUGUÊS > ESPANHOL) DO EDITAL 07/2023/COPERVE PARA INGRESSO DE REFUG'
2025-08-05 14:23:34,115 [INFO] Departamento 'JOR' encontrado (id=78).
2025-08-05 14:23:34,320 [INFO] Documento inserido (id=42212) — título='OBSERVATÓRIO DE COMUNICAÇÃO PÚBLICA (OBCOMP) - GESTÃO DE CONTEÚDO'
2025-08-05 14:23:38,168 [INFO] Departamento 'SPB' encontrado (id=108).
2025-08-05 14:23:38,373 [INFO] Documento inserido (id=42213) — título='DIRETORIA DA WORLD NATUROPATHIC FEDERATION'
2025-08-05 14:23:39,704 [WARNING] Departamento 'SETIC' não encontrado.
2025-08-05 14:23:39,838 [INFO] Documento inserido (id=42214) — título='INTEGRAÇÃO CONJUNTA DE IFSC E UFSC À REMEP-FLN - REDE METROPOLITANA DE EDUCAÇÃO '
2025-08-05 14:23:46,769 [WARNING] Departamento 'DABF' não encontrado.
2025-08-05 14:23:46,974 [INFO] Documento inserido (id=42215) — título='CONTANDO HISTÓRIAS SOBRE GUARDA RESPONSÁVEL, SAÚDE E BEM-ESTAR ANIMAL'
2025-08-05 14:23:51,582 [INFO] Departamento 'ART' encontrado (id=118).
2025-08-05 14:23:51,787 [INFO] Documento inserido (id=42216) — título='FAZENDO GÊNERO 12 - LUGARES DE FALA: DIREITOS, DIVERSIDADES, AFETOS'
2025-08-05 14:25:23,945 [INFO] Departamento 'EGR' encontrado (id=55).
2025-08-05 14:25:24,150 [INFO] Documento inserido (id=42217) — título='INVENTÁRIO DO MUSEU HISTÓRICO DE SANTA CATARINA-MHSC-FCC: PROJETO DE DOCUMENTAÇÃ'
2025-08-05 14:25:25,410 [INFO] Departamento 'AQI' encontrado (id=6).
2025-08-05 14:25:25,583 [INFO] Documento inserido (id=42218) — título='PROJETO TAMAR/AQI/UFSC III'
2025-08-05 14:25:29,782 [INFO] Departamento 'ANT' encontrado (id=5).
2025-08-05 14:25:29,987 [INFO] Documento inserido (id=42219) — título='ESPAÇO CULTURAL GÊNERO E DIVERSIDADES - GESTÃO 2021/2024'
2025-08-05 14:25:33,397 [INFO] Departamento 'ENS' encontrado (id=62).
2025-08-05 14:25:33,571 [INFO] Documento inserido (id=42220) — título='AÇÕES PARTICIPATIVAS DE SUSTENTABILIDADE NA GESTÃO DE ÁGUA E RESÍDUOS SÓLIDOS NO'
2025-08-05 14:25:35,679 [WARNING] Departamento 'CEM' não encontrado.
2025-08-05 14:25:35,827 [INFO] Documento inserido (id=42221) — título='MUSEOLOGIA EM DIÁLOGO: DEBATES CONTEMPORÂNEOS SOBRE MUSEUS E SOCIEDADE'
2025-08-05 14:25:41,046 [INFO] Departamento 'HST' encontrado (id=74).
2025-08-05 14:25:41,181 [INFO] Documento inserido (id=42222) — título='DIREITOS HUMANOS, MEMÓRIAS GLOBAIS E ACERVOS DO PRESENTE'
2025-08-05 14:25:44,220 [INFO] Departamento 'INE' encontrado (id=75).
2025-08-05 14:25:44,353 [INFO] Documento inserido (id=42223) — título='ANÁLISE ESTATÍSTICA DO PROCESSO DE AVALIAÇÃO DO PROGRAMA DE MESTRADO NACIONAL PR'
2025-08-05 14:25:45,756 [INFO] Departamento 'DPT' encontrado (id=42).
2025-08-05 14:25:45,961 [INFO] Documento inserido (id=42224) — título='AMBULATÓRIO DE INFECTOLOGIA PEDIÁTRICA COM CRIANÇAS E ADOLESCENTES COM INFECÇÃO '
2025-08-05 14:25:48,521 [WARNING] Departamento 'SETIC' não encontrado.
2025-08-05 14:25:48,656 [INFO] Documento inserido (id=42225) — título='INTEGRAÇÃO DE INSTITUIÇÕES PARCEIRAS À REMEP-FLN – REDE METROPOLITANA DE EDUCAÇÃ'
2025-08-05 14:26:00,328 [INFO] Departamento 'FSC' encontrado (id=72).
2025-08-05 14:26:00,501 [INFO] Documento inserido (id=42226) — título='ANÁLISE DE MATERIAIS POR MICROSCOPIA ELETRÔNICA'
2025-08-05 14:26:02,550 [INFO] Departamento 'FSC' encontrado (id=72).
2025-08-05 14:26:02,754 [INFO] Documento inserido (id=42227) — título='PROPRIEDADES FÍSICAS DE MATERIAIS'
2025-08-05 14:26:04,086 [WARNING] Departamento 'DABF' não encontrado.
2025-08-05 14:26:04,290 [INFO] Documento inserido (id=42228) — título='CINEMA MUNDO ITINERANTE'
2025-08-05 14:26:09,103 [INFO] Departamento 'ARQ' encontrado (id=8).
2025-08-05 14:26:09,309 [INFO] Documento inserido (id=42229) — título='CICLO DE DEBATES E ESTUDOS CIDADE, PAISAGEM E NATUREZA'
2025-08-05 14:26:15,349 [INFO] Departamento 'INE' encontrado (id=75).
2025-08-05 14:26:15,554 [INFO] Documento inserido (id=42230) — título='ANÁLISE E PROJETO DE SEGURANÇA DA INFORMAÇÃO PARA A ASSOCIAÇÃO DOS REGISTRADORES'
2025-08-05 14:26:19,854 [INFO] Departamento 'HST' encontrado (id=74).
2025-08-05 14:26:19,996 [INFO] Documento inserido (id=42231) — título='ARTE, PERFORMANCE E POLÍTICA: ARTIVISMO E RELAÇÕES ENTRE ACADEMIA-MOVIMENTOS SOC'
2025-08-05 14:26:27,125 [INFO] Departamento 'PSI' encontrado (id=101).
2025-08-05 14:26:27,311 [INFO] Documento inserido (id=42232) — título='EDITOR COORDENADOR DA REVISTA NOVA PERSPECTIVA SISTÊMICA'
2025-08-05 14:26:29,071 [INFO] Departamento 'ZOT' encontrado (id=129).
2025-08-05 14:26:29,275 [INFO] Documento inserido (id=42233) — título='EXPERIÊNCIA INTERDISCIPLINAR DE VIVÊNCIA 2021-2022'
2025-08-05 14:26:34,088 [INFO] Departamento 'LSB' encontrado (id=81).
2025-08-05 14:26:34,293 [INFO] Documento inserido (id=42234) — título='ORGANIZAÇÃO DO V FESTIVAL DE FOLCLORE SURDO  2021-2022'
2025-08-05 14:26:34,703 [INFO] Pessoa criada: LETICIA FERNANDES, FERNANDA DE ARAUJO MACHADO (id=43874, vinculo=2)
2025-08-05 14:26:37,365 [INFO] Departamento 'CNM' encontrado (id=29).
2025-08-05 14:26:37,500 [INFO] Documento inserido (id=42235) — título='ANÁLISE E CAPACITAÇÃO SOBRE O DESENVOLVIMENTO ECONÔMICO E INDUSTRIAL CATARINENSE'
2025-08-05 14:26:42,075 [INFO] Departamento 'ARQ' encontrado (id=8).
2025-08-05 14:26:42,280 [INFO] Documento inserido (id=42236) — título='MODERNIDADE PROMETIDA: ARQUITETURA EM FLORIANÓPOLIS DE 1930 A 1970'
2025-08-05 14:26:46,991 [INFO] Departamento 'EMB' encontrado (id=57).
2025-08-05 14:26:47,195 [INFO] Documento inserido (id=42237) — título='ELABORAÇÃO DE CONTEÚDOS DIGITAIS SOBRE ENGENHARIA DE TRANSPORTES E LOGÍSTICA PAR'
2025-08-05 14:26:51,803 [INFO] Departamento 'ART' encontrado (id=118).
2025-08-05 14:26:51,939 [INFO] Documento inserido (id=42238) — título='CANTOS DE GAIA: PRODUÇÕES AUDIOVISUAIS SOBRE GESTAÇÃO E PARTO'
2025-08-05 14:26:54,978 [INFO] Departamento 'ART' encontrado (id=118).
2025-08-05 14:26:55,183 [INFO] Documento inserido (id=42239) — título='CINEDELAS_2'
2025-08-05 14:26:59,074 [WARNING] Departamento 'CA' não encontrado.
2025-08-05 14:26:59,278 [INFO] Documento inserido (id=42240) — título='“PROJETO CAPOEIRA DA ILHA”: O BERIMBAU TÁ ME CHAMANDO EU VOU JOGAR'
2025-08-05 14:27:02,351 [INFO] Departamento 'EGR' encontrado (id=55).
2025-08-05 14:27:02,555 [INFO] Documento inserido (id=42241) — título='ARTE APLICADA: USO DE HQ NO ENSINO DE MATERIAIS E PROCESSOS SUSTENTÁVEIS – UMA A'
2025-08-05 14:27:06,242 [INFO] Departamento 'ART' encontrado (id=118).
2025-08-05 14:27:06,377 [INFO] Documento inserido (id=42242) — título='PROMOÇÃO DA CULTURA DE SUSTENTABILIDADE NA UFSC POR MEIO DE INTERVENÇÕES ARTÍSTI'
2025-08-05 14:27:11,566 [INFO] Departamento 'CNM' encontrado (id=29).
2025-08-05 14:27:11,771 [INFO] Documento inserido (id=42243) — título='FILMES DE ECONOMIA E AS CONTRADIÇÕES DO CAPITALISMO: COMENTÁRIOS PARA AMPLIAR A '
2025-08-05 14:27:13,953 [WARNING] Departamento 'DABF' não encontrado.
2025-08-05 14:27:14,126 [INFO] Documento inserido (id=42244) — título='CIRANDA ESTUDANTIL'
2025-08-05 14:27:19,553 [INFO] Departamento 'DIR' encontrado (id=38).
2025-08-05 14:27:19,758 [INFO] Documento inserido (id=42245) — título='LITERAR: GRUPO DE ESTUDOS EM DIREITO E LITERATURA - 2022'
2025-08-05 14:27:25,390 [INFO] Departamento 'DET' encontrado (id=113).
2025-08-05 14:27:25,595 [INFO] Documento inserido (id=42246) — título='SABE AQUELE FILME?'
2025-08-05 14:27:28,564 [INFO] Departamento 'EGR' encontrado (id=55).
2025-08-05 14:27:28,769 [INFO] Documento inserido (id=42247) — título='CULTURA MAKER E OS 100 ANOS DA SEMANA DE ARTE MODERNA'
2025-08-05 14:27:32,558 [INFO] Departamento 'EMB' encontrado (id=57).
2025-08-05 14:27:32,763 [INFO] Documento inserido (id=42248) — título='LEVANDO RITMO E PERCUSSÃO PARA A COMUNIDADE DE JOINVILLE'
2025-08-05 14:27:39,640 [INFO] Departamento 'EMB' encontrado (id=57).
2025-08-05 14:27:39,828 [INFO] Documento inserido (id=42249) — título='AMPLIANDO REPERTÓRIOS - PELO CINEMA'
2025-08-05 14:27:42,184 [INFO] Departamento 'MEN' encontrado (id=85).
2025-08-05 14:27:42,389 [INFO] Documento inserido (id=42250) — título='CONTAROLANDO MUITAS HISTÓRIAS PARA CONTAR: A POÉTICA DA TEMÁTICA AFRICANA, AFRO-'
2025-08-05 14:27:45,154 [WARNING] Departamento 'ENF' não encontrado.
2025-08-05 14:27:45,358 [INFO] Documento inserido (id=42251) — título='CENTRO DE DOCUMENTAÇÃO DO INSTITUTO DE ESTUDOS DE GÊNERO (CEDOC-IEG): MAPEAMENTO'
2025-08-05 14:27:49,619 [INFO] Departamento 'EED' encontrado (id=50).
2025-08-05 14:27:49,755 [INFO] Documento inserido (id=42252) — título='“PROJETO CAPOEIRA DA ILHA”: O BERIMBAU TÁ ME CHAMANDO EU VOU JOGAR'
2025-08-05 14:27:53,062 [INFO] Departamento 'CLM' encontrado (id=26).
2025-08-05 14:27:53,196 [INFO] Documento inserido (id=42253) — título='LIGA ACADÊMICA DE ACUPUNTURA (LIAAC/UFSC)'
2025-08-05 14:28:01,127 [INFO] Departamento 'JOR' encontrado (id=78).
2025-08-05 14:28:01,332 [INFO] Documento inserido (id=42254) — título='CICLO DE DEBATES: REFLEXÕES SOBRE A PRODUÇÃO JORNALÍSTICA'
2025-08-05 14:28:04,814 [INFO] Departamento 'EED' encontrado (id=50).
2025-08-05 14:28:05,019 [INFO] Documento inserido (id=42255) — título='X ENCONTRO FINEDUCA - NEOLIBERALISMO, FUNDO PÚBLICO E O FINANCIAMENTO DA EDUCAÇÃ'
